2023-02-07 10:59:11,798 [Worker-6: Importing Maven projects] INFO  o.e.m.c.i.l.LifecycleMappingFactory - Using org.eclipse.m2e.jdt.JarLifecycleMapping lifecycle mapping for MavenProject: com.todoApp:toDoApp2:0.0.1-SNAPSHOT @ /home/ravi/Spring Boot Workspace/toDoApp2/ProjectApp/pom.xml.
2023-02-07 10:59:12,433 [Worker-6: Importing Maven projects] INFO  o.e.m.j.i.AbstractJavaProjectConfigurator - Adding source folder /ProjectApp/src/main/java
2023-02-07 10:59:12,433 [Worker-6: Importing Maven projects] INFO  o.e.m.j.i.AbstractJavaProjectConfigurator - Adding resource folder /ProjectApp/src/main/resources
2023-02-07 10:59:12,436 [Worker-6: Importing Maven projects] INFO  o.e.m.j.i.AbstractJavaProjectConfigurator - Adding resource folder /ProjectApp/src/main/resources
2023-02-07 10:59:12,438 [Worker-6: Importing Maven projects] INFO  o.e.m.j.i.AbstractJavaProjectConfigurator - Adding source folder /ProjectApp/src/test/java
2023-02-07 10:59:13,276 [Worker-6: Importing Maven projects] INFO  o.e.m.c.i.p.ProjectConfigurationManager - Imported and configured 1 project(s) in 2 sec
2023-02-07 11:01:05,290 [Worker-9: Building] INFO  o.a.m.s.f.DefaultMavenResourcesFiltering - Copying 1 resource
2023-02-07 11:01:05,304 [Worker-9: Building] INFO  o.a.m.s.f.DefaultMavenResourcesFiltering - Copying 0 resource
2023-02-07 11:01:05,308 [Worker-9: Building] INFO  o.a.m.s.f.DefaultMavenResourcesFiltering - skip non existing resourceDirectory /home/ravi/Spring Boot Workspace/toDoApp2/ProjectApp/src/test/resources
2023-02-07 11:01:31,139 [Worker-7: Building] INFO  o.a.m.s.f.DefaultMavenResourcesFiltering - Copying 1 resource
2023-02-07 11:01:31,156 [Worker-7: Building] INFO  o.a.m.s.f.DefaultMavenResourcesFiltering - Copying 0 resource
2023-02-07 11:01:31,165 [Worker-7: Building] INFO  o.a.m.s.f.DefaultMavenResourcesFiltering - skip non existing resourceDirectory /home/ravi/Spring Boot Workspace/toDoApp2/ProjectApp/src/test/resources
2023-02-07 11:10:08,233 [Worker-16: Building] INFO  o.a.m.s.f.DefaultMavenResourcesFiltering - Copying 1 resource
2023-02-07 11:10:08,237 [Worker-16: Building] INFO  o.a.m.s.f.DefaultMavenResourcesFiltering - Copying 0 resource
2023-02-07 11:10:08,239 [Worker-16: Building] INFO  o.a.m.s.f.DefaultMavenResourcesFiltering - skip non existing resourceDirectory /home/ravi/Spring Boot Workspace/toDoApp2/ProjectApp/src/test/resources
2023-02-07 11:11:34,871 [Worker-14: Building] INFO  o.a.m.s.f.DefaultMavenResourcesFiltering - Copying 0 resource
2023-02-07 11:11:34,872 [Worker-14: Building] INFO  o.a.m.s.f.DefaultMavenResourcesFiltering - Copying 0 resource
2023-02-07 11:11:34,875 [Worker-14: Building] INFO  o.a.m.s.f.DefaultMavenResourcesFiltering - skip non existing resourceDirectory /home/ravi/Spring Boot Workspace/toDoApp2/ProjectApp/src/test/resources
2023-02-07 11:11:50,614 [Worker-15: Building] INFO  o.a.m.s.f.DefaultMavenResourcesFiltering - Copying 1 resource
2023-02-07 11:11:50,626 [Worker-15: Building] INFO  o.a.m.s.f.DefaultMavenResourcesFiltering - Copying 0 resource
2023-02-07 11:11:50,629 [Worker-15: Building] INFO  o.a.m.s.f.DefaultMavenResourcesFiltering - skip non existing resourceDirectory /home/ravi/Spring Boot Workspace/toDoApp2/ProjectApp/src/test/resources
2023-02-07 11:12:01,411 [Worker-17: Building] INFO  o.a.m.s.f.DefaultMavenResourcesFiltering - Copying 1 resource
2023-02-07 11:12:01,424 [Worker-17: Building] INFO  o.a.m.s.f.DefaultMavenResourcesFiltering - Copying 0 resource
2023-02-07 11:12:01,428 [Worker-17: Building] INFO  o.a.m.s.f.DefaultMavenResourcesFiltering - skip non existing resourceDirectory /home/ravi/Spring Boot Workspace/toDoApp2/ProjectApp/src/test/resources
2023-02-07 11:12:05,822 [Worker-17: Building] INFO  o.a.m.s.f.DefaultMavenResourcesFiltering - Copying 1 resource
2023-02-07 11:12:05,831 [Worker-17: Building] INFO  o.a.m.s.f.DefaultMavenResourcesFiltering - Copying 0 resource
2023-02-07 11:12:05,835 [Worker-17: Building] INFO  o.a.m.s.f.DefaultMavenResourcesFiltering - skip non existing resourceDirectory /home/ravi/Spring Boot Workspace/toDoApp2/ProjectApp/src/test/resources
2023-02-07 11:12:18,752 [Worker-2: Building] INFO  o.a.m.s.f.DefaultMavenResourcesFiltering - Copying 1 resource
2023-02-07 11:12:18,758 [Worker-2: Building] INFO  o.a.m.s.f.DefaultMavenResourcesFiltering - Copying 0 resource
2023-02-07 11:12:18,763 [Worker-2: Building] INFO  o.a.m.s.f.DefaultMavenResourcesFiltering - skip non existing resourceDirectory /home/ravi/Spring Boot Workspace/toDoApp2/ProjectApp/src/test/resources
2023-02-07 11:12:22,183 [Worker-2: Building] INFO  o.a.m.s.f.DefaultMavenResourcesFiltering - Copying 1 resource
2023-02-07 11:12:22,188 [Worker-2: Building] INFO  o.a.m.s.f.DefaultMavenResourcesFiltering - Copying 0 resource
2023-02-07 11:12:22,192 [Worker-2: Building] INFO  o.a.m.s.f.DefaultMavenResourcesFiltering - skip non existing resourceDirectory /home/ravi/Spring Boot Workspace/toDoApp2/ProjectApp/src/test/resources
2023-02-07 11:12:33,100 [Worker-15: Building] INFO  o.a.m.s.f.DefaultMavenResourcesFiltering - Copying 1 resource
2023-02-07 11:12:33,110 [Worker-15: Building] INFO  o.a.m.s.f.DefaultMavenResourcesFiltering - Copying 0 resource
2023-02-07 11:12:33,114 [Worker-15: Building] INFO  o.a.m.s.f.DefaultMavenResourcesFiltering - skip non existing resourceDirectory /home/ravi/Spring Boot Workspace/toDoApp2/ProjectApp/src/test/resources
2023-02-07 11:12:46,170 [Worker-16: Building] INFO  o.a.m.s.f.DefaultMavenResourcesFiltering - Copying 1 resource
2023-02-07 11:12:46,175 [Worker-16: Building] INFO  o.a.m.s.f.DefaultMavenResourcesFiltering - Copying 0 resource
2023-02-07 11:12:46,179 [Worker-16: Building] INFO  o.a.m.s.f.DefaultMavenResourcesFiltering - skip non existing resourceDirectory /home/ravi/Spring Boot Workspace/toDoApp2/ProjectApp/src/test/resources
2023-02-07 11:12:47,420 [Worker-14: Building] INFO  o.a.m.s.f.DefaultMavenResourcesFiltering - Copying 1 resource
2023-02-07 11:12:47,426 [Worker-14: Building] INFO  o.a.m.s.f.DefaultMavenResourcesFiltering - Copying 0 resource
2023-02-07 11:12:47,429 [Worker-14: Building] INFO  o.a.m.s.f.DefaultMavenResourcesFiltering - skip non existing resourceDirectory /home/ravi/Spring Boot Workspace/toDoApp2/ProjectApp/src/test/resources
2023-02-07 11:12:49,073 [Worker-18: Building] INFO  o.a.m.s.f.DefaultMavenResourcesFiltering - Copying 1 resource
2023-02-07 11:12:49,082 [Worker-18: Building] INFO  o.a.m.s.f.DefaultMavenResourcesFiltering - Copying 0 resource
2023-02-07 11:12:49,087 [Worker-18: Building] INFO  o.a.m.s.f.DefaultMavenResourcesFiltering - skip non existing resourceDirectory /home/ravi/Spring Boot Workspace/toDoApp2/ProjectApp/src/test/resources
2023-02-07 11:12:55,619 [Worker-16: Building] INFO  o.a.m.s.f.DefaultMavenResourcesFiltering - Copying 1 resource
2023-02-07 11:12:55,645 [Worker-16: Building] INFO  o.a.m.s.f.DefaultMavenResourcesFiltering - Copying 0 resource
2023-02-07 11:12:55,651 [Worker-16: Building] INFO  o.a.m.s.f.DefaultMavenResourcesFiltering - skip non existing resourceDirectory /home/ravi/Spring Boot Workspace/toDoApp2/ProjectApp/src/test/resources
2023-02-07 11:13:12,321 [Worker-2: Building] INFO  o.a.m.s.f.DefaultMavenResourcesFiltering - Copying 1 resource
2023-02-07 11:13:12,326 [Worker-2: Building] INFO  o.a.m.s.f.DefaultMavenResourcesFiltering - Copying 0 resource
2023-02-07 11:13:12,329 [Worker-2: Building] INFO  o.a.m.s.f.DefaultMavenResourcesFiltering - skip non existing resourceDirectory /home/ravi/Spring Boot Workspace/toDoApp2/ProjectApp/src/test/resources
2023-02-07 11:13:15,626 [Worker-2: Building] INFO  o.a.m.s.f.DefaultMavenResourcesFiltering - Copying 1 resource
2023-02-07 11:13:15,631 [Worker-2: Building] INFO  o.a.m.s.f.DefaultMavenResourcesFiltering - Copying 0 resource
2023-02-07 11:13:15,637 [Worker-2: Building] INFO  o.a.m.s.f.DefaultMavenResourcesFiltering - skip non existing resourceDirectory /home/ravi/Spring Boot Workspace/toDoApp2/ProjectApp/src/test/resources
2023-02-07 11:13:37,613 [Worker-15: Building] INFO  o.a.m.s.f.DefaultMavenResourcesFiltering - Copying 1 resource
2023-02-07 11:13:37,618 [Worker-15: Building] INFO  o.a.m.s.f.DefaultMavenResourcesFiltering - Copying 0 resource
2023-02-07 11:13:37,621 [Worker-15: Building] INFO  o.a.m.s.f.DefaultMavenResourcesFiltering - skip non existing resourceDirectory /home/ravi/Spring Boot Workspace/toDoApp2/ProjectApp/src/test/resources
2023-02-07 11:13:39,217 [Worker-14: Building] INFO  o.a.m.s.f.DefaultMavenResourcesFiltering - Copying 1 resource
2023-02-07 11:13:39,222 [Worker-14: Building] INFO  o.a.m.s.f.DefaultMavenResourcesFiltering - Copying 0 resource
2023-02-07 11:13:39,225 [Worker-14: Building] INFO  o.a.m.s.f.DefaultMavenResourcesFiltering - skip non existing resourceDirectory /home/ravi/Spring Boot Workspace/toDoApp2/ProjectApp/src/test/resources
2023-02-07 11:13:43,448 [Worker-15: Building] INFO  o.a.m.s.f.DefaultMavenResourcesFiltering - Copying 1 resource
2023-02-07 11:13:43,453 [Worker-15: Building] INFO  o.a.m.s.f.DefaultMavenResourcesFiltering - Copying 0 resource
2023-02-07 11:13:43,455 [Worker-15: Building] INFO  o.a.m.s.f.DefaultMavenResourcesFiltering - skip non existing resourceDirectory /home/ravi/Spring Boot Workspace/toDoApp2/ProjectApp/src/test/resources
2023-02-07 11:13:49,311 [Worker-14: Building] INFO  o.a.m.s.f.DefaultMavenResourcesFiltering - Copying 1 resource
2023-02-07 11:13:49,316 [Worker-14: Building] INFO  o.a.m.s.f.DefaultMavenResourcesFiltering - Copying 0 resource
2023-02-07 11:13:49,318 [Worker-14: Building] INFO  o.a.m.s.f.DefaultMavenResourcesFiltering - skip non existing resourceDirectory /home/ravi/Spring Boot Workspace/toDoApp2/ProjectApp/src/test/resources
2023-02-07 11:14:03,801 [Worker-2: Building] INFO  o.a.m.s.f.DefaultMavenResourcesFiltering - Copying 1 resource
2023-02-07 11:14:03,807 [Worker-2: Building] INFO  o.a.m.s.f.DefaultMavenResourcesFiltering - Copying 0 resource
2023-02-07 11:14:03,810 [Worker-2: Building] INFO  o.a.m.s.f.DefaultMavenResourcesFiltering - skip non existing resourceDirectory /home/ravi/Spring Boot Workspace/toDoApp2/ProjectApp/src/test/resources
2023-02-07 11:14:18,781 [Worker-17: Building] INFO  o.a.m.s.f.DefaultMavenResourcesFiltering - Copying 1 resource
2023-02-07 11:14:18,785 [Worker-17: Building] INFO  o.a.m.s.f.DefaultMavenResourcesFiltering - Copying 0 resource
2023-02-07 11:14:18,788 [Worker-17: Building] INFO  o.a.m.s.f.DefaultMavenResourcesFiltering - skip non existing resourceDirectory /home/ravi/Spring Boot Workspace/toDoApp2/ProjectApp/src/test/resources
2023-02-07 11:14:23,712 [Worker-15: Building] INFO  o.a.m.s.f.DefaultMavenResourcesFiltering - Copying 1 resource
2023-02-07 11:14:23,716 [Worker-15: Building] INFO  o.a.m.s.f.DefaultMavenResourcesFiltering - Copying 0 resource
2023-02-07 11:14:23,720 [Worker-15: Building] INFO  o.a.m.s.f.DefaultMavenResourcesFiltering - skip non existing resourceDirectory /home/ravi/Spring Boot Workspace/toDoApp2/ProjectApp/src/test/resources
2023-02-07 11:14:27,247 [Worker-15: Building] INFO  o.a.m.s.f.DefaultMavenResourcesFiltering - Copying 1 resource
2023-02-07 11:14:27,252 [Worker-15: Building] INFO  o.a.m.s.f.DefaultMavenResourcesFiltering - Copying 0 resource
2023-02-07 11:14:27,255 [Worker-15: Building] INFO  o.a.m.s.f.DefaultMavenResourcesFiltering - skip non existing resourceDirectory /home/ravi/Spring Boot Workspace/toDoApp2/ProjectApp/src/test/resources
2023-02-07 11:18:27,114 [Worker-21: Building] INFO  o.a.m.s.f.DefaultMavenResourcesFiltering - Copying 1 resource
2023-02-07 11:18:27,118 [Worker-21: Building] INFO  o.a.m.s.f.DefaultMavenResourcesFiltering - Copying 0 resource
2023-02-07 11:18:27,121 [Worker-21: Building] INFO  o.a.m.s.f.DefaultMavenResourcesFiltering - skip non existing resourceDirectory /home/ravi/Spring Boot Workspace/toDoApp2/ProjectApp/src/test/resources
2023-02-07 11:18:42,840 [Worker-2: Building] INFO  o.a.m.s.f.DefaultMavenResourcesFiltering - Copying 1 resource
2023-02-07 11:18:42,846 [Worker-2: Building] INFO  o.a.m.s.f.DefaultMavenResourcesFiltering - Copying 0 resource
2023-02-07 11:18:42,849 [Worker-2: Building] INFO  o.a.m.s.f.DefaultMavenResourcesFiltering - skip non existing resourceDirectory /home/ravi/Spring Boot Workspace/toDoApp2/ProjectApp/src/test/resources
2023-02-07 11:19:01,530 [Worker-19: Building] INFO  o.a.m.s.f.DefaultMavenResourcesFiltering - Copying 1 resource
2023-02-07 11:19:01,538 [Worker-19: Building] INFO  o.a.m.s.f.DefaultMavenResourcesFiltering - Copying 0 resource
2023-02-07 11:19:01,543 [Worker-19: Building] INFO  o.a.m.s.f.DefaultMavenResourcesFiltering - skip non existing resourceDirectory /home/ravi/Spring Boot Workspace/toDoApp2/ProjectApp/src/test/resources
2023-02-07 11:21:25,285 [Worker-25: Building] INFO  o.a.m.s.f.DefaultMavenResourcesFiltering - Copying 1 resource
2023-02-07 11:21:25,291 [Worker-25: Building] INFO  o.a.m.s.f.DefaultMavenResourcesFiltering - Copying 0 resource
2023-02-07 11:21:25,295 [Worker-25: Building] INFO  o.a.m.s.f.DefaultMavenResourcesFiltering - skip non existing resourceDirectory /home/ravi/Spring Boot Workspace/toDoApp2/ProjectApp/src/test/resources
2023-02-07 11:21:27,380 [Worker-21: Building] INFO  o.a.m.s.f.DefaultMavenResourcesFiltering - Copying 1 resource
2023-02-07 11:21:27,385 [Worker-21: Building] INFO  o.a.m.s.f.DefaultMavenResourcesFiltering - Copying 0 resource
2023-02-07 11:21:27,390 [Worker-21: Building] INFO  o.a.m.s.f.DefaultMavenResourcesFiltering - skip non existing resourceDirectory /home/ravi/Spring Boot Workspace/toDoApp2/ProjectApp/src/test/resources
2023-02-07 11:21:34,317 [Worker-24: Building] INFO  o.a.m.s.f.DefaultMavenResourcesFiltering - Copying 1 resource
2023-02-07 11:21:34,321 [Worker-24: Building] INFO  o.a.m.s.f.DefaultMavenResourcesFiltering - Copying 0 resource
2023-02-07 11:21:34,324 [Worker-24: Building] INFO  o.a.m.s.f.DefaultMavenResourcesFiltering - skip non existing resourceDirectory /home/ravi/Spring Boot Workspace/toDoApp2/ProjectApp/src/test/resources
2023-02-07 11:21:36,784 [Worker-24: Building] INFO  o.a.m.s.f.DefaultMavenResourcesFiltering - Copying 1 resource
2023-02-07 11:21:36,791 [Worker-24: Building] INFO  o.a.m.s.f.DefaultMavenResourcesFiltering - Copying 0 resource
2023-02-07 11:21:36,794 [Worker-24: Building] INFO  o.a.m.s.f.DefaultMavenResourcesFiltering - skip non existing resourceDirectory /home/ravi/Spring Boot Workspace/toDoApp2/ProjectApp/src/test/resources
2023-02-07 11:21:37,904 [Worker-2: Building] INFO  o.a.m.s.f.DefaultMavenResourcesFiltering - Copying 1 resource
2023-02-07 11:21:37,918 [Worker-2: Building] INFO  o.a.m.s.f.DefaultMavenResourcesFiltering - Copying 0 resource
2023-02-07 11:21:37,927 [Worker-2: Building] INFO  o.a.m.s.f.DefaultMavenResourcesFiltering - skip non existing resourceDirectory /home/ravi/Spring Boot Workspace/toDoApp2/ProjectApp/src/test/resources
2023-02-07 11:21:41,517 [Worker-2: Building] INFO  o.a.m.s.f.DefaultMavenResourcesFiltering - Copying 1 resource
2023-02-07 11:21:41,521 [Worker-2: Building] INFO  o.a.m.s.f.DefaultMavenResourcesFiltering - Copying 0 resource
2023-02-07 11:21:41,524 [Worker-2: Building] INFO  o.a.m.s.f.DefaultMavenResourcesFiltering - skip non existing resourceDirectory /home/ravi/Spring Boot Workspace/toDoApp2/ProjectApp/src/test/resources
2023-02-07 11:22:01,932 [Worker-2: Building] INFO  o.a.m.s.f.DefaultMavenResourcesFiltering - Copying 1 resource
2023-02-07 11:22:01,936 [Worker-2: Building] INFO  o.a.m.s.f.DefaultMavenResourcesFiltering - Copying 0 resource
2023-02-07 11:22:01,939 [Worker-2: Building] INFO  o.a.m.s.f.DefaultMavenResourcesFiltering - skip non existing resourceDirectory /home/ravi/Spring Boot Workspace/toDoApp2/ProjectApp/src/test/resources
2023-02-07 11:22:07,967 [Worker-24: Building] INFO  o.a.m.s.f.DefaultMavenResourcesFiltering - Copying 1 resource
2023-02-07 11:22:07,974 [Worker-24: Building] INFO  o.a.m.s.f.DefaultMavenResourcesFiltering - Copying 0 resource
2023-02-07 11:22:07,978 [Worker-24: Building] INFO  o.a.m.s.f.DefaultMavenResourcesFiltering - skip non existing resourceDirectory /home/ravi/Spring Boot Workspace/toDoApp2/ProjectApp/src/test/resources
2023-02-07 11:22:17,227 [Worker-24: Building] INFO  o.a.m.s.f.DefaultMavenResourcesFiltering - Copying 1 resource
2023-02-07 11:22:17,231 [Worker-24: Building] INFO  o.a.m.s.f.DefaultMavenResourcesFiltering - Copying 0 resource
2023-02-07 11:22:17,233 [Worker-24: Building] INFO  o.a.m.s.f.DefaultMavenResourcesFiltering - skip non existing resourceDirectory /home/ravi/Spring Boot Workspace/toDoApp2/ProjectApp/src/test/resources
2023-02-07 11:23:35,373 [Worker-24: Building] INFO  o.a.m.s.f.DefaultMavenResourcesFiltering - Copying 1 resource
2023-02-07 11:23:35,385 [Worker-24: Building] INFO  o.a.m.s.f.DefaultMavenResourcesFiltering - Copying 0 resource
2023-02-07 11:23:35,387 [Worker-24: Building] INFO  o.a.m.s.f.DefaultMavenResourcesFiltering - skip non existing resourceDirectory /home/ravi/Spring Boot Workspace/toDoApp2/ProjectApp/src/test/resources
2023-02-07 11:23:42,059 [Worker-26: Building] INFO  o.a.m.s.f.DefaultMavenResourcesFiltering - Copying 1 resource
2023-02-07 11:23:42,072 [Worker-26: Building] INFO  o.a.m.s.f.DefaultMavenResourcesFiltering - Copying 0 resource
2023-02-07 11:23:42,075 [Worker-26: Building] INFO  o.a.m.s.f.DefaultMavenResourcesFiltering - skip non existing resourceDirectory /home/ravi/Spring Boot Workspace/toDoApp2/ProjectApp/src/test/resources
2023-02-07 11:23:55,809 [Worker-21: Building] INFO  o.a.m.s.f.DefaultMavenResourcesFiltering - Copying 1 resource
2023-02-07 11:23:55,813 [Worker-21: Building] INFO  o.a.m.s.f.DefaultMavenResourcesFiltering - Copying 0 resource
2023-02-07 11:23:55,816 [Worker-21: Building] INFO  o.a.m.s.f.DefaultMavenResourcesFiltering - skip non existing resourceDirectory /home/ravi/Spring Boot Workspace/toDoApp2/ProjectApp/src/test/resources
2023-02-07 11:24:06,163 [Worker-25: Building] INFO  o.a.m.s.f.DefaultMavenResourcesFiltering - Copying 1 resource
2023-02-07 11:24:06,167 [Worker-25: Building] INFO  o.a.m.s.f.DefaultMavenResourcesFiltering - Copying 0 resource
2023-02-07 11:24:06,170 [Worker-25: Building] INFO  o.a.m.s.f.DefaultMavenResourcesFiltering - skip non existing resourceDirectory /home/ravi/Spring Boot Workspace/toDoApp2/ProjectApp/src/test/resources
2023-02-07 11:24:07,276 [Worker-23: Building] INFO  o.a.m.s.f.DefaultMavenResourcesFiltering - Copying 1 resource
2023-02-07 11:24:07,294 [Worker-23: Building] INFO  o.a.m.s.f.DefaultMavenResourcesFiltering - Copying 0 resource
2023-02-07 11:24:07,297 [Worker-23: Building] INFO  o.a.m.s.f.DefaultMavenResourcesFiltering - skip non existing resourceDirectory /home/ravi/Spring Boot Workspace/toDoApp2/ProjectApp/src/test/resources
2023-02-07 11:24:13,113 [Worker-2: Building] INFO  o.a.m.s.f.DefaultMavenResourcesFiltering - Copying 1 resource
2023-02-07 11:24:13,146 [Worker-2: Building] INFO  o.a.m.s.f.DefaultMavenResourcesFiltering - Copying 0 resource
2023-02-07 11:24:13,149 [Worker-2: Building] INFO  o.a.m.s.f.DefaultMavenResourcesFiltering - skip non existing resourceDirectory /home/ravi/Spring Boot Workspace/toDoApp2/ProjectApp/src/test/resources
2023-02-07 11:24:18,178 [Worker-23: Building] INFO  o.a.m.s.f.DefaultMavenResourcesFiltering - Copying 1 resource
2023-02-07 11:24:18,185 [Worker-23: Building] INFO  o.a.m.s.f.DefaultMavenResourcesFiltering - Copying 0 resource
2023-02-07 11:24:18,188 [Worker-23: Building] INFO  o.a.m.s.f.DefaultMavenResourcesFiltering - skip non existing resourceDirectory /home/ravi/Spring Boot Workspace/toDoApp2/ProjectApp/src/test/resources
2023-02-07 11:24:25,136 [Worker-24: Building] INFO  o.a.m.s.f.DefaultMavenResourcesFiltering - Copying 1 resource
2023-02-07 11:24:25,142 [Worker-24: Building] INFO  o.a.m.s.f.DefaultMavenResourcesFiltering - Copying 0 resource
2023-02-07 11:24:25,145 [Worker-24: Building] INFO  o.a.m.s.f.DefaultMavenResourcesFiltering - skip non existing resourceDirectory /home/ravi/Spring Boot Workspace/toDoApp2/ProjectApp/src/test/resources
2023-02-07 11:24:48,583 [Worker-23: Building] INFO  o.a.m.s.f.DefaultMavenResourcesFiltering - Copying 1 resource
2023-02-07 11:24:48,588 [Worker-23: Building] INFO  o.a.m.s.f.DefaultMavenResourcesFiltering - Copying 0 resource
2023-02-07 11:24:48,591 [Worker-23: Building] INFO  o.a.m.s.f.DefaultMavenResourcesFiltering - skip non existing resourceDirectory /home/ravi/Spring Boot Workspace/toDoApp2/ProjectApp/src/test/resources
2023-02-07 11:25:00,537 [Worker-24: Building] INFO  o.a.m.s.f.DefaultMavenResourcesFiltering - Copying 1 resource
2023-02-07 11:25:00,543 [Worker-24: Building] INFO  o.a.m.s.f.DefaultMavenResourcesFiltering - Copying 0 resource
2023-02-07 11:25:00,546 [Worker-24: Building] INFO  o.a.m.s.f.DefaultMavenResourcesFiltering - skip non existing resourceDirectory /home/ravi/Spring Boot Workspace/toDoApp2/ProjectApp/src/test/resources
2023-02-07 11:25:16,965 [Worker-21: Building] INFO  o.a.m.s.f.DefaultMavenResourcesFiltering - Copying 1 resource
2023-02-07 11:25:16,978 [Worker-21: Building] INFO  o.a.m.s.f.DefaultMavenResourcesFiltering - Copying 0 resource
2023-02-07 11:25:16,980 [Worker-21: Building] INFO  o.a.m.s.f.DefaultMavenResourcesFiltering - skip non existing resourceDirectory /home/ravi/Spring Boot Workspace/toDoApp2/ProjectApp/src/test/resources
2023-02-07 11:25:25,727 [Worker-26: Building] INFO  o.a.m.s.f.DefaultMavenResourcesFiltering - Copying 1 resource
2023-02-07 11:25:25,748 [Worker-26: Building] INFO  o.a.m.s.f.DefaultMavenResourcesFiltering - Copying 0 resource
2023-02-07 11:25:25,752 [Worker-26: Building] INFO  o.a.m.s.f.DefaultMavenResourcesFiltering - skip non existing resourceDirectory /home/ravi/Spring Boot Workspace/toDoApp2/ProjectApp/src/test/resources
2023-02-07 11:26:18,698 [Worker-26: Building] INFO  o.a.m.s.f.DefaultMavenResourcesFiltering - Copying 1 resource
2023-02-07 11:26:18,705 [Worker-26: Building] INFO  o.a.m.s.f.DefaultMavenResourcesFiltering - Copying 0 resource
2023-02-07 11:26:18,709 [Worker-26: Building] INFO  o.a.m.s.f.DefaultMavenResourcesFiltering - skip non existing resourceDirectory /home/ravi/Spring Boot Workspace/toDoApp2/ProjectApp/src/test/resources
2023-02-07 11:27:49,673 [Worker-25: Building] INFO  o.a.m.s.f.DefaultMavenResourcesFiltering - Copying 1 resource
2023-02-07 11:27:49,685 [Worker-25: Building] INFO  o.a.m.s.f.DefaultMavenResourcesFiltering - Copying 0 resource
2023-02-07 11:27:49,687 [Worker-25: Building] INFO  o.a.m.s.f.DefaultMavenResourcesFiltering - skip non existing resourceDirectory /home/ravi/Spring Boot Workspace/toDoApp2/ProjectApp/src/test/resources
2023-02-07 11:27:50,709 [Worker-25: Building] INFO  o.a.m.s.f.DefaultMavenResourcesFiltering - Copying 1 resource
2023-02-07 11:27:50,722 [Worker-25: Building] INFO  o.a.m.s.f.DefaultMavenResourcesFiltering - Copying 0 resource
2023-02-07 11:27:50,724 [Worker-25: Building] INFO  o.a.m.s.f.DefaultMavenResourcesFiltering - skip non existing resourceDirectory /home/ravi/Spring Boot Workspace/toDoApp2/ProjectApp/src/test/resources
2023-02-07 11:27:57,498 [Worker-23: Building] INFO  o.a.m.s.f.DefaultMavenResourcesFiltering - Copying 1 resource
2023-02-07 11:27:57,515 [Worker-23: Building] INFO  o.a.m.s.f.DefaultMavenResourcesFiltering - Copying 0 resource
2023-02-07 11:27:57,518 [Worker-23: Building] INFO  o.a.m.s.f.DefaultMavenResourcesFiltering - skip non existing resourceDirectory /home/ravi/Spring Boot Workspace/toDoApp2/ProjectApp/src/test/resources
2023-02-07 11:28:00,977 [Worker-2: Building] INFO  o.a.m.s.f.DefaultMavenResourcesFiltering - Copying 1 resource
2023-02-07 11:28:00,991 [Worker-2: Building] INFO  o.a.m.s.f.DefaultMavenResourcesFiltering - Copying 0 resource
2023-02-07 11:28:00,993 [Worker-2: Building] INFO  o.a.m.s.f.DefaultMavenResourcesFiltering - skip non existing resourceDirectory /home/ravi/Spring Boot Workspace/toDoApp2/ProjectApp/src/test/resources
2023-02-07 11:28:18,945 [Worker-21: Building] INFO  o.a.m.s.f.DefaultMavenResourcesFiltering - Copying 1 resource
2023-02-07 11:28:18,970 [Worker-21: Building] INFO  o.a.m.s.f.DefaultMavenResourcesFiltering - Copying 0 resource
2023-02-07 11:28:18,973 [Worker-21: Building] INFO  o.a.m.s.f.DefaultMavenResourcesFiltering - skip non existing resourceDirectory /home/ravi/Spring Boot Workspace/toDoApp2/ProjectApp/src/test/resources
2023-02-07 11:28:44,694 [Worker-25: Building] INFO  o.a.m.s.f.DefaultMavenResourcesFiltering - Copying 1 resource
2023-02-07 11:28:44,715 [Worker-25: Building] INFO  o.a.m.s.f.DefaultMavenResourcesFiltering - Copying 0 resource
2023-02-07 11:28:44,720 [Worker-25: Building] INFO  o.a.m.s.f.DefaultMavenResourcesFiltering - skip non existing resourceDirectory /home/ravi/Spring Boot Workspace/toDoApp2/ProjectApp/src/test/resources
2023-02-07 11:29:31,913 [Worker-26: Building] INFO  o.a.m.s.f.DefaultMavenResourcesFiltering - Copying 1 resource
2023-02-07 11:29:31,926 [Worker-26: Building] INFO  o.a.m.s.f.DefaultMavenResourcesFiltering - Copying 0 resource
2023-02-07 11:29:31,929 [Worker-26: Building] INFO  o.a.m.s.f.DefaultMavenResourcesFiltering - skip non existing resourceDirectory /home/ravi/Spring Boot Workspace/toDoApp2/ProjectApp/src/test/resources
2023-02-07 11:29:51,037 [Worker-25: Building] INFO  o.a.m.s.f.DefaultMavenResourcesFiltering - Copying 1 resource
2023-02-07 11:29:51,050 [Worker-25: Building] INFO  o.a.m.s.f.DefaultMavenResourcesFiltering - Copying 0 resource
2023-02-07 11:29:51,052 [Worker-25: Building] INFO  o.a.m.s.f.DefaultMavenResourcesFiltering - skip non existing resourceDirectory /home/ravi/Spring Boot Workspace/toDoApp2/ProjectApp/src/test/resources
2023-02-07 11:29:54,489 [Worker-24: Building] INFO  o.a.m.s.f.DefaultMavenResourcesFiltering - Copying 1 resource
2023-02-07 11:29:54,508 [Worker-24: Building] INFO  o.a.m.s.f.DefaultMavenResourcesFiltering - Copying 0 resource
2023-02-07 11:29:54,512 [Worker-24: Building] INFO  o.a.m.s.f.DefaultMavenResourcesFiltering - skip non existing resourceDirectory /home/ravi/Spring Boot Workspace/toDoApp2/ProjectApp/src/test/resources
2023-02-07 11:30:01,299 [Worker-24: Building] INFO  o.a.m.s.f.DefaultMavenResourcesFiltering - Copying 1 resource
2023-02-07 11:30:01,317 [Worker-24: Building] INFO  o.a.m.s.f.DefaultMavenResourcesFiltering - Copying 0 resource
2023-02-07 11:30:01,321 [Worker-24: Building] INFO  o.a.m.s.f.DefaultMavenResourcesFiltering - skip non existing resourceDirectory /home/ravi/Spring Boot Workspace/toDoApp2/ProjectApp/src/test/resources
2023-02-07 11:30:08,457 [Worker-25: Building] INFO  o.a.m.s.f.DefaultMavenResourcesFiltering - Copying 1 resource
2023-02-07 11:30:08,467 [Worker-25: Building] INFO  o.a.m.s.f.DefaultMavenResourcesFiltering - Copying 0 resource
2023-02-07 11:30:08,470 [Worker-25: Building] INFO  o.a.m.s.f.DefaultMavenResourcesFiltering - skip non existing resourceDirectory /home/ravi/Spring Boot Workspace/toDoApp2/ProjectApp/src/test/resources
2023-02-07 11:30:52,056 [Worker-23: Building] INFO  o.a.m.s.f.DefaultMavenResourcesFiltering - Copying 1 resource
2023-02-07 11:30:52,061 [Worker-23: Building] INFO  o.a.m.s.f.DefaultMavenResourcesFiltering - Copying 0 resource
2023-02-07 11:30:52,065 [Worker-23: Building] INFO  o.a.m.s.f.DefaultMavenResourcesFiltering - skip non existing resourceDirectory /home/ravi/Spring Boot Workspace/toDoApp2/ProjectApp/src/test/resources
2023-02-07 11:30:53,292 [Worker-21: Building] INFO  o.a.m.s.f.DefaultMavenResourcesFiltering - Copying 1 resource
2023-02-07 11:30:53,296 [Worker-21: Building] INFO  o.a.m.s.f.DefaultMavenResourcesFiltering - Copying 0 resource
2023-02-07 11:30:53,299 [Worker-21: Building] INFO  o.a.m.s.f.DefaultMavenResourcesFiltering - skip non existing resourceDirectory /home/ravi/Spring Boot Workspace/toDoApp2/ProjectApp/src/test/resources
2023-02-07 11:31:16,072 [Worker-25: Building] INFO  o.a.m.s.f.DefaultMavenResourcesFiltering - Copying 1 resource
2023-02-07 11:31:16,087 [Worker-25: Building] INFO  o.a.m.s.f.DefaultMavenResourcesFiltering - Copying 0 resource
2023-02-07 11:31:16,090 [Worker-25: Building] INFO  o.a.m.s.f.DefaultMavenResourcesFiltering - skip non existing resourceDirectory /home/ravi/Spring Boot Workspace/toDoApp2/ProjectApp/src/test/resources
2023-02-07 11:31:21,828 [Worker-24: Building] INFO  o.a.m.s.f.DefaultMavenResourcesFiltering - Copying 1 resource
2023-02-07 11:31:21,845 [Worker-24: Building] INFO  o.a.m.s.f.DefaultMavenResourcesFiltering - Copying 0 resource
2023-02-07 11:31:21,848 [Worker-24: Building] INFO  o.a.m.s.f.DefaultMavenResourcesFiltering - skip non existing resourceDirectory /home/ravi/Spring Boot Workspace/toDoApp2/ProjectApp/src/test/resources
2023-02-07 11:31:37,227 [Worker-25: Building] INFO  o.a.m.s.f.DefaultMavenResourcesFiltering - Copying 1 resource
2023-02-07 11:31:37,248 [Worker-25: Building] INFO  o.a.m.s.f.DefaultMavenResourcesFiltering - Copying 0 resource
2023-02-07 11:31:37,251 [Worker-25: Building] INFO  o.a.m.s.f.DefaultMavenResourcesFiltering - skip non existing resourceDirectory /home/ravi/Spring Boot Workspace/toDoApp2/ProjectApp/src/test/resources
2023-02-07 11:31:49,373 [Worker-21: Building] INFO  o.a.m.s.f.DefaultMavenResourcesFiltering - Copying 1 resource
2023-02-07 11:31:49,389 [Worker-21: Building] INFO  o.a.m.s.f.DefaultMavenResourcesFiltering - Copying 0 resource
2023-02-07 11:31:49,391 [Worker-21: Building] INFO  o.a.m.s.f.DefaultMavenResourcesFiltering - skip non existing resourceDirectory /home/ravi/Spring Boot Workspace/toDoApp2/ProjectApp/src/test/resources
2023-02-07 11:31:50,499 [Worker-24: Building] INFO  o.a.m.s.f.DefaultMavenResourcesFiltering - Copying 1 resource
2023-02-07 11:31:50,515 [Worker-24: Building] INFO  o.a.m.s.f.DefaultMavenResourcesFiltering - Copying 0 resource
2023-02-07 11:31:50,517 [Worker-24: Building] INFO  o.a.m.s.f.DefaultMavenResourcesFiltering - skip non existing resourceDirectory /home/ravi/Spring Boot Workspace/toDoApp2/ProjectApp/src/test/resources
2023-02-07 11:31:56,745 [Worker-27: Building] INFO  o.a.m.s.f.DefaultMavenResourcesFiltering - Copying 1 resource
2023-02-07 11:31:56,757 [Worker-27: Building] INFO  o.a.m.s.f.DefaultMavenResourcesFiltering - Copying 0 resource
2023-02-07 11:31:56,759 [Worker-27: Building] INFO  o.a.m.s.f.DefaultMavenResourcesFiltering - skip non existing resourceDirectory /home/ravi/Spring Boot Workspace/toDoApp2/ProjectApp/src/test/resources
2023-02-07 11:31:57,807 [Worker-24: Building] INFO  o.a.m.s.f.DefaultMavenResourcesFiltering - Copying 1 resource
2023-02-07 11:31:57,824 [Worker-24: Building] INFO  o.a.m.s.f.DefaultMavenResourcesFiltering - Copying 0 resource
2023-02-07 11:31:57,827 [Worker-24: Building] INFO  o.a.m.s.f.DefaultMavenResourcesFiltering - skip non existing resourceDirectory /home/ravi/Spring Boot Workspace/toDoApp2/ProjectApp/src/test/resources
2023-02-07 11:32:15,225 [Worker-24: Building] INFO  o.a.m.s.f.DefaultMavenResourcesFiltering - Copying 1 resource
2023-02-07 11:32:15,239 [Worker-24: Building] INFO  o.a.m.s.f.DefaultMavenResourcesFiltering - Copying 0 resource
2023-02-07 11:32:15,242 [Worker-24: Building] INFO  o.a.m.s.f.DefaultMavenResourcesFiltering - skip non existing resourceDirectory /home/ravi/Spring Boot Workspace/toDoApp2/ProjectApp/src/test/resources
2023-02-07 11:32:24,419 [Worker-21: Building] INFO  o.a.m.s.f.DefaultMavenResourcesFiltering - Copying 1 resource
2023-02-07 11:32:24,431 [Worker-21: Building] INFO  o.a.m.s.f.DefaultMavenResourcesFiltering - Copying 0 resource
2023-02-07 11:32:24,434 [Worker-21: Building] INFO  o.a.m.s.f.DefaultMavenResourcesFiltering - skip non existing resourceDirectory /home/ravi/Spring Boot Workspace/toDoApp2/ProjectApp/src/test/resources
2023-02-07 11:32:56,529 [Worker-23: Building] INFO  o.a.m.s.f.DefaultMavenResourcesFiltering - Copying 1 resource
2023-02-07 11:32:56,541 [Worker-23: Building] INFO  o.a.m.s.f.DefaultMavenResourcesFiltering - Copying 0 resource
2023-02-07 11:32:56,543 [Worker-23: Building] INFO  o.a.m.s.f.DefaultMavenResourcesFiltering - skip non existing resourceDirectory /home/ravi/Spring Boot Workspace/toDoApp2/ProjectApp/src/test/resources
2023-02-07 11:33:01,594 [Worker-25: Building] INFO  o.a.m.s.f.DefaultMavenResourcesFiltering - Copying 1 resource
2023-02-07 11:33:01,609 [Worker-25: Building] INFO  o.a.m.s.f.DefaultMavenResourcesFiltering - Copying 0 resource
2023-02-07 11:33:01,612 [Worker-25: Building] INFO  o.a.m.s.f.DefaultMavenResourcesFiltering - skip non existing resourceDirectory /home/ravi/Spring Boot Workspace/toDoApp2/ProjectApp/src/test/resources
2023-02-07 11:33:09,892 [Worker-27: Building] INFO  o.a.m.s.f.DefaultMavenResourcesFiltering - Copying 1 resource
2023-02-07 11:33:09,905 [Worker-27: Building] INFO  o.a.m.s.f.DefaultMavenResourcesFiltering - Copying 0 resource
2023-02-07 11:33:09,907 [Worker-27: Building] INFO  o.a.m.s.f.DefaultMavenResourcesFiltering - skip non existing resourceDirectory /home/ravi/Spring Boot Workspace/toDoApp2/ProjectApp/src/test/resources
2023-02-07 11:33:29,455 [Worker-27: Building] INFO  o.a.m.s.f.DefaultMavenResourcesFiltering - Copying 1 resource
2023-02-07 11:33:29,463 [Worker-27: Building] INFO  o.a.m.s.f.DefaultMavenResourcesFiltering - Copying 0 resource
2023-02-07 11:33:29,465 [Worker-27: Building] INFO  o.a.m.s.f.DefaultMavenResourcesFiltering - skip non existing resourceDirectory /home/ravi/Spring Boot Workspace/toDoApp2/ProjectApp/src/test/resources
2023-02-07 11:34:12,003 [Worker-2: Building] INFO  o.a.m.s.f.DefaultMavenResourcesFiltering - Copying 1 resource
2023-02-07 11:34:12,016 [Worker-2: Building] INFO  o.a.m.s.f.DefaultMavenResourcesFiltering - Copying 0 resource
2023-02-07 11:34:12,018 [Worker-2: Building] INFO  o.a.m.s.f.DefaultMavenResourcesFiltering - skip non existing resourceDirectory /home/ravi/Spring Boot Workspace/toDoApp2/ProjectApp/src/test/resources
2023-02-07 11:34:15,194 [Worker-26: Building] INFO  o.a.m.s.f.DefaultMavenResourcesFiltering - Copying 1 resource
2023-02-07 11:34:15,220 [Worker-26: Building] INFO  o.a.m.s.f.DefaultMavenResourcesFiltering - Copying 0 resource
2023-02-07 11:34:15,222 [Worker-26: Building] INFO  o.a.m.s.f.DefaultMavenResourcesFiltering - skip non existing resourceDirectory /home/ravi/Spring Boot Workspace/toDoApp2/ProjectApp/src/test/resources
2023-02-07 11:34:17,847 [Worker-21: Building] INFO  o.a.m.s.f.DefaultMavenResourcesFiltering - Copying 1 resource
2023-02-07 11:34:17,853 [Worker-21: Building] INFO  o.a.m.s.f.DefaultMavenResourcesFiltering - Copying 0 resource
2023-02-07 11:34:17,856 [Worker-21: Building] INFO  o.a.m.s.f.DefaultMavenResourcesFiltering - skip non existing resourceDirectory /home/ravi/Spring Boot Workspace/toDoApp2/ProjectApp/src/test/resources
2023-02-07 11:35:21,118 [Worker-24: Building] INFO  o.a.m.s.f.DefaultMavenResourcesFiltering - Copying 1 resource
2023-02-07 11:35:21,125 [Worker-24: Building] INFO  o.a.m.s.f.DefaultMavenResourcesFiltering - Copying 0 resource
2023-02-07 11:35:21,128 [Worker-24: Building] INFO  o.a.m.s.f.DefaultMavenResourcesFiltering - skip non existing resourceDirectory /home/ravi/Spring Boot Workspace/toDoApp2/ProjectApp/src/test/resources
2023-02-07 11:35:34,480 [Worker-21: Building] INFO  o.a.m.s.f.DefaultMavenResourcesFiltering - Copying 1 resource
2023-02-07 11:35:34,494 [Worker-21: Building] INFO  o.a.m.s.f.DefaultMavenResourcesFiltering - Copying 0 resource
2023-02-07 11:35:34,496 [Worker-21: Building] INFO  o.a.m.s.f.DefaultMavenResourcesFiltering - skip non existing resourceDirectory /home/ravi/Spring Boot Workspace/toDoApp2/ProjectApp/src/test/resources
2023-02-07 11:47:38,746 [Worker-30: Building] INFO  o.a.m.s.f.DefaultMavenResourcesFiltering - Copying 1 resource
2023-02-07 11:47:38,755 [Worker-30: Building] INFO  o.a.m.s.f.DefaultMavenResourcesFiltering - Copying 0 resource
2023-02-07 11:47:38,758 [Worker-30: Building] INFO  o.a.m.s.f.DefaultMavenResourcesFiltering - skip non existing resourceDirectory /home/ravi/Spring Boot Workspace/toDoApp2/ProjectApp/src/test/resources
2023-02-07 11:47:42,890 [Worker-26: Building] INFO  o.a.m.s.f.DefaultMavenResourcesFiltering - Copying 1 resource
2023-02-07 11:47:42,902 [Worker-26: Building] INFO  o.a.m.s.f.DefaultMavenResourcesFiltering - Copying 0 resource
2023-02-07 11:47:42,904 [Worker-26: Building] INFO  o.a.m.s.f.DefaultMavenResourcesFiltering - skip non existing resourceDirectory /home/ravi/Spring Boot Workspace/toDoApp2/ProjectApp/src/test/resources
2023-02-07 11:47:48,188 [Worker-26: Building] INFO  o.a.m.s.f.DefaultMavenResourcesFiltering - Copying 1 resource
2023-02-07 11:47:48,208 [Worker-26: Building] INFO  o.a.m.s.f.DefaultMavenResourcesFiltering - Copying 0 resource
2023-02-07 11:47:48,211 [Worker-26: Building] INFO  o.a.m.s.f.DefaultMavenResourcesFiltering - skip non existing resourceDirectory /home/ravi/Spring Boot Workspace/toDoApp2/ProjectApp/src/test/resources
2023-02-07 11:48:15,508 [Worker-31: Building] INFO  o.a.m.s.f.DefaultMavenResourcesFiltering - Copying 1 resource
2023-02-07 11:48:15,522 [Worker-31: Building] INFO  o.a.m.s.f.DefaultMavenResourcesFiltering - Copying 0 resource
2023-02-07 11:48:15,524 [Worker-31: Building] INFO  o.a.m.s.f.DefaultMavenResourcesFiltering - skip non existing resourceDirectory /home/ravi/Spring Boot Workspace/toDoApp2/ProjectApp/src/test/resources
2023-02-07 11:48:20,771 [Worker-32: Building] INFO  o.a.m.s.f.DefaultMavenResourcesFiltering - Copying 1 resource
2023-02-07 11:48:20,786 [Worker-32: Building] INFO  o.a.m.s.f.DefaultMavenResourcesFiltering - Copying 0 resource
2023-02-07 11:48:20,789 [Worker-32: Building] INFO  o.a.m.s.f.DefaultMavenResourcesFiltering - skip non existing resourceDirectory /home/ravi/Spring Boot Workspace/toDoApp2/ProjectApp/src/test/resources
2023-02-07 11:48:42,455 [Worker-26: Building] INFO  o.a.m.s.f.DefaultMavenResourcesFiltering - Copying 1 resource
2023-02-07 11:48:42,468 [Worker-26: Building] INFO  o.a.m.s.f.DefaultMavenResourcesFiltering - Copying 0 resource
2023-02-07 11:48:42,471 [Worker-26: Building] INFO  o.a.m.s.f.DefaultMavenResourcesFiltering - skip non existing resourceDirectory /home/ravi/Spring Boot Workspace/toDoApp2/ProjectApp/src/test/resources
2023-02-07 11:48:43,557 [Worker-31: Building] INFO  o.a.m.s.f.DefaultMavenResourcesFiltering - Copying 1 resource
2023-02-07 11:48:43,567 [Worker-31: Building] INFO  o.a.m.s.f.DefaultMavenResourcesFiltering - Copying 0 resource
2023-02-07 11:48:43,571 [Worker-31: Building] INFO  o.a.m.s.f.DefaultMavenResourcesFiltering - skip non existing resourceDirectory /home/ravi/Spring Boot Workspace/toDoApp2/ProjectApp/src/test/resources
2023-02-07 11:48:50,781 [Worker-29: Building] INFO  o.a.m.s.f.DefaultMavenResourcesFiltering - Copying 1 resource
2023-02-07 11:48:50,785 [Worker-29: Building] INFO  o.a.m.s.f.DefaultMavenResourcesFiltering - Copying 0 resource
2023-02-07 11:48:50,787 [Worker-29: Building] INFO  o.a.m.s.f.DefaultMavenResourcesFiltering - skip non existing resourceDirectory /home/ravi/Spring Boot Workspace/toDoApp2/ProjectApp/src/test/resources
2023-02-07 11:53:14,783 [Worker-30: Building] INFO  o.a.m.s.f.DefaultMavenResourcesFiltering - Copying 1 resource
2023-02-07 11:53:14,791 [Worker-30: Building] INFO  o.a.m.s.f.DefaultMavenResourcesFiltering - Copying 0 resource
2023-02-07 11:53:14,793 [Worker-30: Building] INFO  o.a.m.s.f.DefaultMavenResourcesFiltering - skip non existing resourceDirectory /home/ravi/Spring Boot Workspace/toDoApp2/ProjectApp/src/test/resources
2023-02-07 11:54:38,192 [Worker-36: Building] INFO  o.a.m.s.f.DefaultMavenResourcesFiltering - Copying 1 resource
2023-02-07 11:54:38,197 [Worker-36: Building] INFO  o.a.m.s.f.DefaultMavenResourcesFiltering - Copying 0 resource
2023-02-07 11:54:38,199 [Worker-36: Building] INFO  o.a.m.s.f.DefaultMavenResourcesFiltering - skip non existing resourceDirectory /home/ravi/Spring Boot Workspace/toDoApp2/ProjectApp/src/test/resources
2023-02-07 12:03:14,186 [Worker-40: Building] INFO  o.a.m.s.f.DefaultMavenResourcesFiltering - Copying 1 resource
2023-02-07 12:03:14,203 [Worker-40: Building] INFO  o.a.m.s.f.DefaultMavenResourcesFiltering - Copying 0 resource
2023-02-07 12:03:14,206 [Worker-40: Building] INFO  o.a.m.s.f.DefaultMavenResourcesFiltering - skip non existing resourceDirectory /home/ravi/Spring Boot Workspace/toDoApp2/ProjectApp/src/test/resources
2023-02-07 12:03:16,313 [Worker-41: Building] INFO  o.a.m.s.f.DefaultMavenResourcesFiltering - Copying 1 resource
2023-02-07 12:03:16,320 [Worker-41: Building] INFO  o.a.m.s.f.DefaultMavenResourcesFiltering - Copying 0 resource
2023-02-07 12:03:16,322 [Worker-41: Building] INFO  o.a.m.s.f.DefaultMavenResourcesFiltering - skip non existing resourceDirectory /home/ravi/Spring Boot Workspace/toDoApp2/ProjectApp/src/test/resources
2023-02-07 12:03:32,527 [Worker-42: Building] INFO  o.a.m.s.f.DefaultMavenResourcesFiltering - Copying 1 resource
2023-02-07 12:03:32,544 [Worker-42: Building] INFO  o.a.m.s.f.DefaultMavenResourcesFiltering - Copying 0 resource
2023-02-07 12:03:32,546 [Worker-42: Building] INFO  o.a.m.s.f.DefaultMavenResourcesFiltering - skip non existing resourceDirectory /home/ravi/Spring Boot Workspace/toDoApp2/ProjectApp/src/test/resources
2023-02-07 12:04:03,369 [Worker-42: Building] INFO  o.a.m.s.f.DefaultMavenResourcesFiltering - Copying 1 resource
2023-02-07 12:04:03,389 [Worker-42: Building] INFO  o.a.m.s.f.DefaultMavenResourcesFiltering - Copying 0 resource
2023-02-07 12:04:03,393 [Worker-42: Building] INFO  o.a.m.s.f.DefaultMavenResourcesFiltering - skip non existing resourceDirectory /home/ravi/Spring Boot Workspace/toDoApp2/ProjectApp/src/test/resources
2023-02-07 12:04:13,263 [Worker-42: Building] INFO  o.a.m.s.f.DefaultMavenResourcesFiltering - Copying 1 resource
2023-02-07 12:04:13,284 [Worker-42: Building] INFO  o.a.m.s.f.DefaultMavenResourcesFiltering - Copying 0 resource
2023-02-07 12:04:13,286 [Worker-42: Building] INFO  o.a.m.s.f.DefaultMavenResourcesFiltering - skip non existing resourceDirectory /home/ravi/Spring Boot Workspace/toDoApp2/ProjectApp/src/test/resources
2023-02-07 12:04:20,320 [Worker-40: Building] INFO  o.a.m.s.f.DefaultMavenResourcesFiltering - Copying 1 resource
2023-02-07 12:04:20,325 [Worker-40: Building] INFO  o.a.m.s.f.DefaultMavenResourcesFiltering - Copying 0 resource
2023-02-07 12:04:20,328 [Worker-40: Building] INFO  o.a.m.s.f.DefaultMavenResourcesFiltering - skip non existing resourceDirectory /home/ravi/Spring Boot Workspace/toDoApp2/ProjectApp/src/test/resources
2023-02-07 12:06:07,552 [Worker-39: Building] INFO  o.a.m.s.f.DefaultMavenResourcesFiltering - Copying 1 resource
2023-02-07 12:06:07,558 [Worker-39: Building] INFO  o.a.m.s.f.DefaultMavenResourcesFiltering - Copying 0 resource
2023-02-07 12:06:07,561 [Worker-39: Building] INFO  o.a.m.s.f.DefaultMavenResourcesFiltering - skip non existing resourceDirectory /home/ravi/Spring Boot Workspace/toDoApp2/ProjectApp/src/test/resources
2023-02-07 12:06:08,615 [Worker-39: Building] INFO  o.a.m.s.f.DefaultMavenResourcesFiltering - Copying 1 resource
2023-02-07 12:06:08,641 [Worker-39: Building] INFO  o.a.m.s.f.DefaultMavenResourcesFiltering - Copying 0 resource
2023-02-07 12:06:08,644 [Worker-39: Building] INFO  o.a.m.s.f.DefaultMavenResourcesFiltering - skip non existing resourceDirectory /home/ravi/Spring Boot Workspace/toDoApp2/ProjectApp/src/test/resources
2023-02-07 12:07:55,082 [Worker-30: Building] INFO  o.a.m.s.f.DefaultMavenResourcesFiltering - Copying 1 resource
2023-02-07 12:07:55,099 [Worker-30: Building] INFO  o.a.m.s.f.DefaultMavenResourcesFiltering - Copying 0 resource
2023-02-07 12:07:55,101 [Worker-30: Building] INFO  o.a.m.s.f.DefaultMavenResourcesFiltering - skip non existing resourceDirectory /home/ravi/Spring Boot Workspace/toDoApp2/ProjectApp/src/test/resources
2023-02-07 12:09:57,195 [Worker-39: Building] INFO  o.a.m.s.f.DefaultMavenResourcesFiltering - Copying 1 resource
2023-02-07 12:09:57,208 [Worker-39: Building] INFO  o.a.m.s.f.DefaultMavenResourcesFiltering - Copying 0 resource
2023-02-07 12:09:57,210 [Worker-39: Building] INFO  o.a.m.s.f.DefaultMavenResourcesFiltering - skip non existing resourceDirectory /home/ravi/Spring Boot Workspace/toDoApp2/ProjectApp/src/test/resources
2023-02-07 12:10:00,335 [Worker-46: Building] INFO  o.a.m.s.f.DefaultMavenResourcesFiltering - Copying 1 resource
2023-02-07 12:10:00,358 [Worker-46: Building] INFO  o.a.m.s.f.DefaultMavenResourcesFiltering - Copying 0 resource
2023-02-07 12:10:00,361 [Worker-46: Building] INFO  o.a.m.s.f.DefaultMavenResourcesFiltering - skip non existing resourceDirectory /home/ravi/Spring Boot Workspace/toDoApp2/ProjectApp/src/test/resources
2023-02-07 12:10:01,459 [Worker-45: Building] INFO  o.a.m.s.f.DefaultMavenResourcesFiltering - Copying 1 resource
2023-02-07 12:10:01,470 [Worker-45: Building] INFO  o.a.m.s.f.DefaultMavenResourcesFiltering - Copying 0 resource
2023-02-07 12:10:01,476 [Worker-45: Building] INFO  o.a.m.s.f.DefaultMavenResourcesFiltering - skip non existing resourceDirectory /home/ravi/Spring Boot Workspace/toDoApp2/ProjectApp/src/test/resources
2023-02-07 12:10:10,226 [Worker-47: Building] INFO  o.a.m.s.f.DefaultMavenResourcesFiltering - Copying 1 resource
2023-02-07 12:10:10,233 [Worker-47: Building] INFO  o.a.m.s.f.DefaultMavenResourcesFiltering - Copying 0 resource
2023-02-07 12:10:10,235 [Worker-47: Building] INFO  o.a.m.s.f.DefaultMavenResourcesFiltering - skip non existing resourceDirectory /home/ravi/Spring Boot Workspace/toDoApp2/ProjectApp/src/test/resources
2023-02-07 12:10:32,729 [Worker-44: Building] INFO  o.a.m.s.f.DefaultMavenResourcesFiltering - Copying 1 resource
2023-02-07 12:10:32,745 [Worker-44: Building] INFO  o.a.m.s.f.DefaultMavenResourcesFiltering - Copying 0 resource
2023-02-07 12:10:32,749 [Worker-44: Building] INFO  o.a.m.s.f.DefaultMavenResourcesFiltering - skip non existing resourceDirectory /home/ravi/Spring Boot Workspace/toDoApp2/ProjectApp/src/test/resources
2023-02-07 12:10:38,192 [Worker-46: Building] INFO  o.a.m.s.f.DefaultMavenResourcesFiltering - Copying 1 resource
2023-02-07 12:10:38,197 [Worker-46: Building] INFO  o.a.m.s.f.DefaultMavenResourcesFiltering - Copying 0 resource
2023-02-07 12:10:38,199 [Worker-46: Building] INFO  o.a.m.s.f.DefaultMavenResourcesFiltering - skip non existing resourceDirectory /home/ravi/Spring Boot Workspace/toDoApp2/ProjectApp/src/test/resources
2023-02-07 12:12:12,365 [Worker-45: Building] INFO  o.a.m.s.f.DefaultMavenResourcesFiltering - Copying 1 resource
2023-02-07 12:12:12,371 [Worker-45: Building] INFO  o.a.m.s.f.DefaultMavenResourcesFiltering - Copying 0 resource
2023-02-07 12:12:12,374 [Worker-45: Building] INFO  o.a.m.s.f.DefaultMavenResourcesFiltering - skip non existing resourceDirectory /home/ravi/Spring Boot Workspace/toDoApp2/ProjectApp/src/test/resources
2023-02-07 12:12:20,064 [Worker-45: Building] INFO  o.a.m.s.f.DefaultMavenResourcesFiltering - Copying 1 resource
2023-02-07 12:12:20,071 [Worker-45: Building] INFO  o.a.m.s.f.DefaultMavenResourcesFiltering - Copying 0 resource
2023-02-07 12:12:20,074 [Worker-45: Building] INFO  o.a.m.s.f.DefaultMavenResourcesFiltering - skip non existing resourceDirectory /home/ravi/Spring Boot Workspace/toDoApp2/ProjectApp/src/test/resources
2023-02-07 12:12:24,618 [Worker-45: Building] INFO  o.a.m.s.f.DefaultMavenResourcesFiltering - Copying 1 resource
2023-02-07 12:12:24,626 [Worker-45: Building] INFO  o.a.m.s.f.DefaultMavenResourcesFiltering - Copying 0 resource
2023-02-07 12:12:24,630 [Worker-45: Building] INFO  o.a.m.s.f.DefaultMavenResourcesFiltering - skip non existing resourceDirectory /home/ravi/Spring Boot Workspace/toDoApp2/ProjectApp/src/test/resources
2023-02-07 12:12:28,480 [Worker-48: Building] INFO  o.a.m.s.f.DefaultMavenResourcesFiltering - Copying 1 resource
2023-02-07 12:12:28,487 [Worker-48: Building] INFO  o.a.m.s.f.DefaultMavenResourcesFiltering - Copying 0 resource
2023-02-07 12:12:28,492 [Worker-48: Building] INFO  o.a.m.s.f.DefaultMavenResourcesFiltering - skip non existing resourceDirectory /home/ravi/Spring Boot Workspace/toDoApp2/ProjectApp/src/test/resources
2023-02-07 12:12:42,391 [Worker-49: Building] INFO  o.a.m.s.f.DefaultMavenResourcesFiltering - Copying 1 resource
2023-02-07 12:12:42,397 [Worker-49: Building] INFO  o.a.m.s.f.DefaultMavenResourcesFiltering - Copying 0 resource
2023-02-07 12:12:42,400 [Worker-49: Building] INFO  o.a.m.s.f.DefaultMavenResourcesFiltering - skip non existing resourceDirectory /home/ravi/Spring Boot Workspace/toDoApp2/ProjectApp/src/test/resources
2023-02-07 12:12:53,077 [Worker-49: Building] INFO  o.a.m.s.f.DefaultMavenResourcesFiltering - Copying 1 resource
2023-02-07 12:12:53,080 [Worker-49: Building] INFO  o.a.m.s.f.DefaultMavenResourcesFiltering - Copying 0 resource
2023-02-07 12:12:53,082 [Worker-49: Building] INFO  o.a.m.s.f.DefaultMavenResourcesFiltering - skip non existing resourceDirectory /home/ravi/Spring Boot Workspace/toDoApp2/ProjectApp/src/test/resources
2023-02-07 12:12:55,228 [Worker-45: Building] INFO  o.a.m.s.f.DefaultMavenResourcesFiltering - Copying 1 resource
2023-02-07 12:12:55,232 [Worker-45: Building] INFO  o.a.m.s.f.DefaultMavenResourcesFiltering - Copying 0 resource
2023-02-07 12:12:55,235 [Worker-45: Building] INFO  o.a.m.s.f.DefaultMavenResourcesFiltering - skip non existing resourceDirectory /home/ravi/Spring Boot Workspace/toDoApp2/ProjectApp/src/test/resources
2023-02-07 12:13:14,785 [Worker-48: Building] INFO  o.a.m.s.f.DefaultMavenResourcesFiltering - Copying 1 resource
2023-02-07 12:13:14,800 [Worker-48: Building] INFO  o.a.m.s.f.DefaultMavenResourcesFiltering - Copying 0 resource
2023-02-07 12:13:14,802 [Worker-48: Building] INFO  o.a.m.s.f.DefaultMavenResourcesFiltering - skip non existing resourceDirectory /home/ravi/Spring Boot Workspace/toDoApp2/ProjectApp/src/test/resources
2023-02-07 12:13:19,889 [Worker-50: Building] INFO  o.a.m.s.f.DefaultMavenResourcesFiltering - Copying 1 resource
2023-02-07 12:13:19,906 [Worker-50: Building] INFO  o.a.m.s.f.DefaultMavenResourcesFiltering - Copying 0 resource
2023-02-07 12:13:19,909 [Worker-50: Building] INFO  o.a.m.s.f.DefaultMavenResourcesFiltering - skip non existing resourceDirectory /home/ravi/Spring Boot Workspace/toDoApp2/ProjectApp/src/test/resources
2023-02-07 12:13:23,093 [Worker-45: Building] INFO  o.a.m.s.f.DefaultMavenResourcesFiltering - Copying 1 resource
2023-02-07 12:13:23,107 [Worker-45: Building] INFO  o.a.m.s.f.DefaultMavenResourcesFiltering - Copying 0 resource
2023-02-07 12:13:23,109 [Worker-45: Building] INFO  o.a.m.s.f.DefaultMavenResourcesFiltering - skip non existing resourceDirectory /home/ravi/Spring Boot Workspace/toDoApp2/ProjectApp/src/test/resources
2023-02-07 12:13:26,200 [Worker-46: Building] INFO  o.a.m.s.f.DefaultMavenResourcesFiltering - Copying 1 resource
2023-02-07 12:13:26,224 [Worker-46: Building] INFO  o.a.m.s.f.DefaultMavenResourcesFiltering - Copying 0 resource
2023-02-07 12:13:26,229 [Worker-46: Building] INFO  o.a.m.s.f.DefaultMavenResourcesFiltering - skip non existing resourceDirectory /home/ravi/Spring Boot Workspace/toDoApp2/ProjectApp/src/test/resources
2023-02-07 12:13:37,899 [Worker-51: Building] INFO  o.a.m.s.f.DefaultMavenResourcesFiltering - Copying 1 resource
2023-02-07 12:13:37,904 [Worker-51: Building] INFO  o.a.m.s.f.DefaultMavenResourcesFiltering - Copying 0 resource
2023-02-07 12:13:37,907 [Worker-51: Building] INFO  o.a.m.s.f.DefaultMavenResourcesFiltering - skip non existing resourceDirectory /home/ravi/Spring Boot Workspace/toDoApp2/ProjectApp/src/test/resources
2023-02-07 12:13:39,956 [Worker-46: Building] INFO  o.a.m.s.f.DefaultMavenResourcesFiltering - Copying 1 resource
2023-02-07 12:13:39,963 [Worker-46: Building] INFO  o.a.m.s.f.DefaultMavenResourcesFiltering - Copying 0 resource
2023-02-07 12:13:39,965 [Worker-46: Building] INFO  o.a.m.s.f.DefaultMavenResourcesFiltering - skip non existing resourceDirectory /home/ravi/Spring Boot Workspace/toDoApp2/ProjectApp/src/test/resources
2023-02-07 12:13:40,994 [Worker-45: Building] INFO  o.a.m.s.f.DefaultMavenResourcesFiltering - Copying 1 resource
2023-02-07 12:13:41,000 [Worker-45: Building] INFO  o.a.m.s.f.DefaultMavenResourcesFiltering - Copying 0 resource
2023-02-07 12:13:41,003 [Worker-45: Building] INFO  o.a.m.s.f.DefaultMavenResourcesFiltering - skip non existing resourceDirectory /home/ravi/Spring Boot Workspace/toDoApp2/ProjectApp/src/test/resources
2023-02-07 12:13:54,468 [Worker-50: Building] INFO  o.a.m.s.f.DefaultMavenResourcesFiltering - Copying 1 resource
2023-02-07 12:13:54,480 [Worker-50: Building] INFO  o.a.m.s.f.DefaultMavenResourcesFiltering - Copying 0 resource
2023-02-07 12:13:54,482 [Worker-50: Building] INFO  o.a.m.s.f.DefaultMavenResourcesFiltering - skip non existing resourceDirectory /home/ravi/Spring Boot Workspace/toDoApp2/ProjectApp/src/test/resources
2023-02-07 12:13:57,579 [Worker-48: Building] INFO  o.a.m.s.f.DefaultMavenResourcesFiltering - Copying 1 resource
2023-02-07 12:13:57,584 [Worker-48: Building] INFO  o.a.m.s.f.DefaultMavenResourcesFiltering - Copying 0 resource
2023-02-07 12:13:57,587 [Worker-48: Building] INFO  o.a.m.s.f.DefaultMavenResourcesFiltering - skip non existing resourceDirectory /home/ravi/Spring Boot Workspace/toDoApp2/ProjectApp/src/test/resources
2023-02-07 12:13:59,669 [Worker-51: Building] INFO  o.a.m.s.f.DefaultMavenResourcesFiltering - Copying 1 resource
2023-02-07 12:13:59,674 [Worker-51: Building] INFO  o.a.m.s.f.DefaultMavenResourcesFiltering - Copying 0 resource
2023-02-07 12:13:59,676 [Worker-51: Building] INFO  o.a.m.s.f.DefaultMavenResourcesFiltering - skip non existing resourceDirectory /home/ravi/Spring Boot Workspace/toDoApp2/ProjectApp/src/test/resources
2023-02-07 12:14:03,728 [Worker-51: Building] INFO  o.a.m.s.f.DefaultMavenResourcesFiltering - Copying 1 resource
2023-02-07 12:14:03,733 [Worker-51: Building] INFO  o.a.m.s.f.DefaultMavenResourcesFiltering - Copying 0 resource
2023-02-07 12:14:03,736 [Worker-51: Building] INFO  o.a.m.s.f.DefaultMavenResourcesFiltering - skip non existing resourceDirectory /home/ravi/Spring Boot Workspace/toDoApp2/ProjectApp/src/test/resources
2023-02-07 12:14:11,958 [Worker-51: Building] INFO  o.a.m.s.f.DefaultMavenResourcesFiltering - Copying 1 resource
2023-02-07 12:14:11,962 [Worker-51: Building] INFO  o.a.m.s.f.DefaultMavenResourcesFiltering - Copying 0 resource
2023-02-07 12:14:11,964 [Worker-51: Building] INFO  o.a.m.s.f.DefaultMavenResourcesFiltering - skip non existing resourceDirectory /home/ravi/Spring Boot Workspace/toDoApp2/ProjectApp/src/test/resources
2023-02-07 12:14:14,511 [Worker-46: Building] INFO  o.a.m.s.f.DefaultMavenResourcesFiltering - Copying 1 resource
2023-02-07 12:14:14,516 [Worker-46: Building] INFO  o.a.m.s.f.DefaultMavenResourcesFiltering - Copying 0 resource
2023-02-07 12:14:14,519 [Worker-46: Building] INFO  o.a.m.s.f.DefaultMavenResourcesFiltering - skip non existing resourceDirectory /home/ravi/Spring Boot Workspace/toDoApp2/ProjectApp/src/test/resources
2023-02-07 12:14:23,957 [Worker-46: Building] INFO  o.a.m.s.f.DefaultMavenResourcesFiltering - Copying 1 resource
2023-02-07 12:14:23,963 [Worker-46: Building] INFO  o.a.m.s.f.DefaultMavenResourcesFiltering - Copying 0 resource
2023-02-07 12:14:23,966 [Worker-46: Building] INFO  o.a.m.s.f.DefaultMavenResourcesFiltering - skip non existing resourceDirectory /home/ravi/Spring Boot Workspace/toDoApp2/ProjectApp/src/test/resources
2023-02-07 12:14:36,566 [Worker-45: Building] INFO  o.a.m.s.f.DefaultMavenResourcesFiltering - Copying 1 resource
2023-02-07 12:14:36,570 [Worker-45: Building] INFO  o.a.m.s.f.DefaultMavenResourcesFiltering - Copying 0 resource
2023-02-07 12:14:36,573 [Worker-45: Building] INFO  o.a.m.s.f.DefaultMavenResourcesFiltering - skip non existing resourceDirectory /home/ravi/Spring Boot Workspace/toDoApp2/ProjectApp/src/test/resources
2023-02-07 12:15:18,953 [Worker-48: Building] INFO  o.a.m.s.f.DefaultMavenResourcesFiltering - Copying 1 resource
2023-02-07 12:15:18,960 [Worker-48: Building] INFO  o.a.m.s.f.DefaultMavenResourcesFiltering - Copying 0 resource
2023-02-07 12:15:18,964 [Worker-48: Building] INFO  o.a.m.s.f.DefaultMavenResourcesFiltering - skip non existing resourceDirectory /home/ravi/Spring Boot Workspace/toDoApp2/ProjectApp/src/test/resources
2023-02-07 12:15:31,688 [Worker-49: Building] INFO  o.a.m.s.f.DefaultMavenResourcesFiltering - Copying 1 resource
2023-02-07 12:15:31,693 [Worker-49: Building] INFO  o.a.m.s.f.DefaultMavenResourcesFiltering - Copying 0 resource
2023-02-07 12:15:31,696 [Worker-49: Building] INFO  o.a.m.s.f.DefaultMavenResourcesFiltering - skip non existing resourceDirectory /home/ravi/Spring Boot Workspace/toDoApp2/ProjectApp/src/test/resources
2023-02-07 12:15:35,781 [Worker-45: Building] INFO  o.a.m.s.f.DefaultMavenResourcesFiltering - Copying 1 resource
2023-02-07 12:15:35,784 [Worker-45: Building] INFO  o.a.m.s.f.DefaultMavenResourcesFiltering - Copying 0 resource
2023-02-07 12:15:35,786 [Worker-45: Building] INFO  o.a.m.s.f.DefaultMavenResourcesFiltering - skip non existing resourceDirectory /home/ravi/Spring Boot Workspace/toDoApp2/ProjectApp/src/test/resources
2023-02-07 12:15:54,835 [Worker-48: Building] INFO  o.a.m.s.f.DefaultMavenResourcesFiltering - Copying 1 resource
2023-02-07 12:15:54,852 [Worker-48: Building] INFO  o.a.m.s.f.DefaultMavenResourcesFiltering - Copying 0 resource
2023-02-07 12:15:54,854 [Worker-48: Building] INFO  o.a.m.s.f.DefaultMavenResourcesFiltering - skip non existing resourceDirectory /home/ravi/Spring Boot Workspace/toDoApp2/ProjectApp/src/test/resources
2023-02-07 12:16:27,293 [Worker-51: Building] INFO  o.a.m.s.f.DefaultMavenResourcesFiltering - Copying 1 resource
2023-02-07 12:16:27,306 [Worker-51: Building] INFO  o.a.m.s.f.DefaultMavenResourcesFiltering - Copying 0 resource
2023-02-07 12:16:27,308 [Worker-51: Building] INFO  o.a.m.s.f.DefaultMavenResourcesFiltering - skip non existing resourceDirectory /home/ravi/Spring Boot Workspace/toDoApp2/ProjectApp/src/test/resources
2023-02-07 12:17:32,700 [Worker-49: Building] INFO  o.a.m.s.f.DefaultMavenResourcesFiltering - Copying 1 resource
2023-02-07 12:17:32,707 [Worker-49: Building] INFO  o.a.m.s.f.DefaultMavenResourcesFiltering - Copying 0 resource
2023-02-07 12:17:32,709 [Worker-49: Building] INFO  o.a.m.s.f.DefaultMavenResourcesFiltering - skip non existing resourceDirectory /home/ravi/Spring Boot Workspace/toDoApp2/ProjectApp/src/test/resources
2023-02-07 12:17:45,872 [Worker-48: Building] INFO  o.a.m.s.f.DefaultMavenResourcesFiltering - Copying 1 resource
2023-02-07 12:17:45,878 [Worker-48: Building] INFO  o.a.m.s.f.DefaultMavenResourcesFiltering - Copying 0 resource
2023-02-07 12:17:45,880 [Worker-48: Building] INFO  o.a.m.s.f.DefaultMavenResourcesFiltering - skip non existing resourceDirectory /home/ravi/Spring Boot Workspace/toDoApp2/ProjectApp/src/test/resources
2023-02-07 12:18:52,887 [Worker-46: Building] INFO  o.a.m.s.f.DefaultMavenResourcesFiltering - Copying 1 resource
2023-02-07 12:18:52,916 [Worker-46: Building] INFO  o.a.m.s.f.DefaultMavenResourcesFiltering - Copying 0 resource
2023-02-07 12:18:52,922 [Worker-46: Building] INFO  o.a.m.s.f.DefaultMavenResourcesFiltering - skip non existing resourceDirectory /home/ravi/Spring Boot Workspace/toDoApp2/ProjectApp/src/test/resources
2023-02-07 12:19:32,680 [Worker-50: Building] INFO  o.a.m.s.f.DefaultMavenResourcesFiltering - Copying 1 resource
2023-02-07 12:19:32,703 [Worker-50: Building] INFO  o.a.m.s.f.DefaultMavenResourcesFiltering - Copying 0 resource
2023-02-07 12:19:32,707 [Worker-50: Building] INFO  o.a.m.s.f.DefaultMavenResourcesFiltering - skip non existing resourceDirectory /home/ravi/Spring Boot Workspace/toDoApp2/ProjectApp/src/test/resources
2023-02-07 12:19:35,671 [Worker-51: Building] INFO  o.a.m.s.f.DefaultMavenResourcesFiltering - Copying 1 resource
2023-02-07 12:19:35,687 [Worker-51: Building] INFO  o.a.m.s.f.DefaultMavenResourcesFiltering - Copying 0 resource
2023-02-07 12:19:35,690 [Worker-51: Building] INFO  o.a.m.s.f.DefaultMavenResourcesFiltering - skip non existing resourceDirectory /home/ravi/Spring Boot Workspace/toDoApp2/ProjectApp/src/test/resources
2023-02-07 12:19:36,720 [Worker-46: Building] INFO  o.a.m.s.f.DefaultMavenResourcesFiltering - Copying 1 resource
2023-02-07 12:19:36,743 [Worker-46: Building] INFO  o.a.m.s.f.DefaultMavenResourcesFiltering - Copying 0 resource
2023-02-07 12:19:36,749 [Worker-46: Building] INFO  o.a.m.s.f.DefaultMavenResourcesFiltering - skip non existing resourceDirectory /home/ravi/Spring Boot Workspace/toDoApp2/ProjectApp/src/test/resources
2023-02-07 12:19:43,617 [Worker-50: Building] INFO  o.a.m.s.f.DefaultMavenResourcesFiltering - Copying 1 resource
2023-02-07 12:19:43,633 [Worker-50: Building] INFO  o.a.m.s.f.DefaultMavenResourcesFiltering - Copying 0 resource
2023-02-07 12:19:43,635 [Worker-50: Building] INFO  o.a.m.s.f.DefaultMavenResourcesFiltering - skip non existing resourceDirectory /home/ravi/Spring Boot Workspace/toDoApp2/ProjectApp/src/test/resources
2023-02-07 12:19:48,126 [Worker-50: Building] INFO  o.a.m.s.f.DefaultMavenResourcesFiltering - Copying 1 resource
2023-02-07 12:19:48,131 [Worker-50: Building] INFO  o.a.m.s.f.DefaultMavenResourcesFiltering - Copying 0 resource
2023-02-07 12:19:48,133 [Worker-50: Building] INFO  o.a.m.s.f.DefaultMavenResourcesFiltering - skip non existing resourceDirectory /home/ravi/Spring Boot Workspace/toDoApp2/ProjectApp/src/test/resources
2023-02-07 12:19:57,384 [Worker-49: Building] INFO  o.a.m.s.f.DefaultMavenResourcesFiltering - Copying 1 resource
2023-02-07 12:19:57,389 [Worker-49: Building] INFO  o.a.m.s.f.DefaultMavenResourcesFiltering - Copying 0 resource
2023-02-07 12:19:57,391 [Worker-49: Building] INFO  o.a.m.s.f.DefaultMavenResourcesFiltering - skip non existing resourceDirectory /home/ravi/Spring Boot Workspace/toDoApp2/ProjectApp/src/test/resources
2023-02-07 12:20:00,507 [Worker-46: Building] INFO  o.a.m.s.f.DefaultMavenResourcesFiltering - Copying 1 resource
2023-02-07 12:20:00,532 [Worker-46: Building] INFO  o.a.m.s.f.DefaultMavenResourcesFiltering - Copying 0 resource
2023-02-07 12:20:00,535 [Worker-46: Building] INFO  o.a.m.s.f.DefaultMavenResourcesFiltering - skip non existing resourceDirectory /home/ravi/Spring Boot Workspace/toDoApp2/ProjectApp/src/test/resources
2023-02-07 12:20:05,778 [Worker-45: Building] INFO  o.a.m.s.f.DefaultMavenResourcesFiltering - Copying 1 resource
2023-02-07 12:20:05,791 [Worker-45: Building] INFO  o.a.m.s.f.DefaultMavenResourcesFiltering - Copying 0 resource
2023-02-07 12:20:05,793 [Worker-45: Building] INFO  o.a.m.s.f.DefaultMavenResourcesFiltering - skip non existing resourceDirectory /home/ravi/Spring Boot Workspace/toDoApp2/ProjectApp/src/test/resources
2023-02-07 12:20:19,385 [Worker-45: Building] INFO  o.a.m.s.f.DefaultMavenResourcesFiltering - Copying 1 resource
2023-02-07 12:20:19,410 [Worker-45: Building] INFO  o.a.m.s.f.DefaultMavenResourcesFiltering - Copying 0 resource
2023-02-07 12:20:19,413 [Worker-45: Building] INFO  o.a.m.s.f.DefaultMavenResourcesFiltering - skip non existing resourceDirectory /home/ravi/Spring Boot Workspace/toDoApp2/ProjectApp/src/test/resources
2023-02-07 12:20:25,031 [Worker-49: Building] INFO  o.a.m.s.f.DefaultMavenResourcesFiltering - Copying 1 resource
2023-02-07 12:20:25,042 [Worker-49: Building] INFO  o.a.m.s.f.DefaultMavenResourcesFiltering - Copying 0 resource
2023-02-07 12:20:25,048 [Worker-49: Building] INFO  o.a.m.s.f.DefaultMavenResourcesFiltering - skip non existing resourceDirectory /home/ravi/Spring Boot Workspace/toDoApp2/ProjectApp/src/test/resources
2023-02-07 12:23:03,680 [Worker-50: Updating Maven Project] INFO  o.e.m.c.i.p.ProjectConfigurationManager - Update started
2023-02-07 12:23:04,164 [Worker-50: Updating Maven Project] INFO  o.e.m.c.i.l.LifecycleMappingFactory - Using org.eclipse.m2e.jdt.JarLifecycleMapping lifecycle mapping for MavenProject: com.todoApp:toDoApp2:0.0.1-SNAPSHOT @ /home/ravi/Spring Boot Workspace/toDoApp2/ProjectApp/pom.xml.
2023-02-07 12:23:04,395 [Worker-50: Updating Maven Project] INFO  o.e.m.j.i.AbstractJavaProjectConfigurator - Adding source folder /ProjectApp/src/main/java
2023-02-07 12:23:04,395 [Worker-50: Updating Maven Project] INFO  o.e.m.j.i.AbstractJavaProjectConfigurator - Adding resource folder /ProjectApp/src/main/resources
2023-02-07 12:23:04,395 [Worker-50: Updating Maven Project] INFO  o.e.m.j.i.AbstractJavaProjectConfigurator - Adding resource folder /ProjectApp/src/main/resources
2023-02-07 12:23:04,396 [Worker-50: Updating Maven Project] INFO  o.e.m.j.i.AbstractJavaProjectConfigurator - Adding source folder /ProjectApp/src/test/java
2023-02-07 12:23:04,520 [Worker-50: Updating Maven Project] INFO  o.e.m.c.i.p.ProjectConfigurationManager - Update completed for 1 poms: local refresh takes 0.00 sec, refresh facades takes 0.00 sec, update config takes 0.00 sec 
2023-02-07 12:23:09,181 [main] INFO  o.e.m2e.actions.ExecutePomAction - Creating new launch configuration
2023-02-07 12:23:13,120 [Worker-49: Launching ProjectApp] INFO  o.eclipse.m2e.core.internal.Bundles - getClasspathEntries(Bundle=org.eclipse.m2e.maven.runtime_3.8.604.20221130-2149 [339])
2023-02-07 12:23:13,122 [Worker-49: Launching ProjectApp] INFO  o.eclipse.m2e.core.internal.Bundles - 	Entry: /home/ravi/Programs/sts-4.17.1.RELEASE/plugins/org.eclipse.m2e.maven.runtime_3.8.604.20221130-2149
2023-02-07 12:23:13,122 [Worker-49: Launching ProjectApp] INFO  o.eclipse.m2e.core.internal.Bundles - 	Entry: /home/ravi/Programs/sts-4.17.1.RELEASE/plugins/org.eclipse.m2e.maven.runtime_3.8.604.20221130-2149/jars/aether-connector-okhttp-0.17.8.jar
2023-02-07 12:23:13,122 [Worker-49: Launching ProjectApp] INFO  o.eclipse.m2e.core.internal.Bundles - 	Entry: /home/ravi/Programs/sts-4.17.1.RELEASE/plugins/org.eclipse.m2e.maven.runtime_3.8.604.20221130-2149/jars/commons-cli-1.4.jar
2023-02-07 12:23:13,122 [Worker-49: Launching ProjectApp] INFO  o.eclipse.m2e.core.internal.Bundles - 	Entry: /home/ravi/Programs/sts-4.17.1.RELEASE/plugins/org.eclipse.m2e.maven.runtime_3.8.604.20221130-2149/jars/commons-io-2.6.jar
2023-02-07 12:23:13,122 [Worker-49: Launching ProjectApp] INFO  o.eclipse.m2e.core.internal.Bundles - 	Entry: /home/ravi/Programs/sts-4.17.1.RELEASE/plugins/org.eclipse.m2e.maven.runtime_3.8.604.20221130-2149/jars/commons-lang3-3.8.1.jar
2023-02-07 12:23:13,122 [Worker-49: Launching ProjectApp] INFO  o.eclipse.m2e.core.internal.Bundles - 	Entry: /home/ravi/Programs/sts-4.17.1.RELEASE/plugins/org.eclipse.m2e.maven.runtime_3.8.604.20221130-2149/jars/guice-4.2.2-no_aop.jar
2023-02-07 12:23:13,122 [Worker-49: Launching ProjectApp] INFO  o.eclipse.m2e.core.internal.Bundles - 	Entry: /home/ravi/Programs/sts-4.17.1.RELEASE/plugins/org.eclipse.m2e.maven.runtime_3.8.604.20221130-2149/jars/jansi-2.4.0.jar
2023-02-07 12:23:13,122 [Worker-49: Launching ProjectApp] INFO  o.eclipse.m2e.core.internal.Bundles - 	Entry: /home/ravi/Programs/sts-4.17.1.RELEASE/plugins/org.eclipse.m2e.maven.runtime_3.8.604.20221130-2149/jars/maven-artifact-3.8.6.jar
2023-02-07 12:23:13,122 [Worker-49: Launching ProjectApp] INFO  o.eclipse.m2e.core.internal.Bundles - 	Entry: /home/ravi/Programs/sts-4.17.1.RELEASE/plugins/org.eclipse.m2e.maven.runtime_3.8.604.20221130-2149/jars/maven-builder-support-3.8.6.jar
2023-02-07 12:23:13,122 [Worker-49: Launching ProjectApp] INFO  o.eclipse.m2e.core.internal.Bundles - 	Entry: /home/ravi/Programs/sts-4.17.1.RELEASE/plugins/org.eclipse.m2e.maven.runtime_3.8.604.20221130-2149/jars/maven-compat-3.8.6.jar
2023-02-07 12:23:13,122 [Worker-49: Launching ProjectApp] INFO  o.eclipse.m2e.core.internal.Bundles - 	Entry: /home/ravi/Programs/sts-4.17.1.RELEASE/plugins/org.eclipse.m2e.maven.runtime_3.8.604.20221130-2149/jars/maven-core-3.8.6.jar
2023-02-07 12:23:13,122 [Worker-49: Launching ProjectApp] INFO  o.eclipse.m2e.core.internal.Bundles - 	Entry: /home/ravi/Programs/sts-4.17.1.RELEASE/plugins/org.eclipse.m2e.maven.runtime_3.8.604.20221130-2149/jars/maven-embedder-3.8.6.jar
2023-02-07 12:23:13,122 [Worker-49: Launching ProjectApp] INFO  o.eclipse.m2e.core.internal.Bundles - 	Entry: /home/ravi/Programs/sts-4.17.1.RELEASE/plugins/org.eclipse.m2e.maven.runtime_3.8.604.20221130-2149/jars/maven-model-3.8.6.jar
2023-02-07 12:23:13,122 [Worker-49: Launching ProjectApp] INFO  o.eclipse.m2e.core.internal.Bundles - 	Entry: /home/ravi/Programs/sts-4.17.1.RELEASE/plugins/org.eclipse.m2e.maven.runtime_3.8.604.20221130-2149/jars/maven-model-builder-3.8.6.jar
2023-02-07 12:23:13,123 [Worker-49: Launching ProjectApp] INFO  o.eclipse.m2e.core.internal.Bundles - 	Entry: /home/ravi/Programs/sts-4.17.1.RELEASE/plugins/org.eclipse.m2e.maven.runtime_3.8.604.20221130-2149/jars/maven-plugin-api-3.8.6.jar
2023-02-07 12:23:13,123 [Worker-49: Launching ProjectApp] INFO  o.eclipse.m2e.core.internal.Bundles - 	Entry: /home/ravi/Programs/sts-4.17.1.RELEASE/plugins/org.eclipse.m2e.maven.runtime_3.8.604.20221130-2149/jars/maven-repository-metadata-3.8.6.jar
2023-02-07 12:23:13,123 [Worker-49: Launching ProjectApp] INFO  o.eclipse.m2e.core.internal.Bundles - 	Entry: /home/ravi/Programs/sts-4.17.1.RELEASE/plugins/org.eclipse.m2e.maven.runtime_3.8.604.20221130-2149/jars/maven-resolver-api-1.6.3.jar
2023-02-07 12:23:13,123 [Worker-49: Launching ProjectApp] INFO  o.eclipse.m2e.core.internal.Bundles - 	Entry: /home/ravi/Programs/sts-4.17.1.RELEASE/plugins/org.eclipse.m2e.maven.runtime_3.8.604.20221130-2149/jars/maven-resolver-connector-basic-1.6.3.jar
2023-02-07 12:23:13,123 [Worker-49: Launching ProjectApp] INFO  o.eclipse.m2e.core.internal.Bundles - 	Entry: /home/ravi/Programs/sts-4.17.1.RELEASE/plugins/org.eclipse.m2e.maven.runtime_3.8.604.20221130-2149/jars/maven-resolver-impl-1.6.3.jar
2023-02-07 12:23:13,123 [Worker-49: Launching ProjectApp] INFO  o.eclipse.m2e.core.internal.Bundles - 	Entry: /home/ravi/Programs/sts-4.17.1.RELEASE/plugins/org.eclipse.m2e.maven.runtime_3.8.604.20221130-2149/jars/maven-resolver-provider-3.8.6.jar
2023-02-07 12:23:13,123 [Worker-49: Launching ProjectApp] INFO  o.eclipse.m2e.core.internal.Bundles - 	Entry: /home/ravi/Programs/sts-4.17.1.RELEASE/plugins/org.eclipse.m2e.maven.runtime_3.8.604.20221130-2149/jars/maven-resolver-spi-1.6.3.jar
2023-02-07 12:23:13,123 [Worker-49: Launching ProjectApp] INFO  o.eclipse.m2e.core.internal.Bundles - 	Entry: /home/ravi/Programs/sts-4.17.1.RELEASE/plugins/org.eclipse.m2e.maven.runtime_3.8.604.20221130-2149/jars/maven-resolver-transport-wagon-1.6.3.jar
2023-02-07 12:23:13,123 [Worker-49: Launching ProjectApp] INFO  o.eclipse.m2e.core.internal.Bundles - 	Entry: /home/ravi/Programs/sts-4.17.1.RELEASE/plugins/org.eclipse.m2e.maven.runtime_3.8.604.20221130-2149/jars/maven-resolver-util-1.6.3.jar
2023-02-07 12:23:13,123 [Worker-49: Launching ProjectApp] INFO  o.eclipse.m2e.core.internal.Bundles - 	Entry: /home/ravi/Programs/sts-4.17.1.RELEASE/plugins/org.eclipse.m2e.maven.runtime_3.8.604.20221130-2149/jars/maven-settings-3.8.6.jar
2023-02-07 12:23:13,123 [Worker-49: Launching ProjectApp] INFO  o.eclipse.m2e.core.internal.Bundles - 	Entry: /home/ravi/Programs/sts-4.17.1.RELEASE/plugins/org.eclipse.m2e.maven.runtime_3.8.604.20221130-2149/jars/maven-settings-builder-3.8.6.jar
2023-02-07 12:23:13,123 [Worker-49: Launching ProjectApp] INFO  o.eclipse.m2e.core.internal.Bundles - 	Entry: /home/ravi/Programs/sts-4.17.1.RELEASE/plugins/org.eclipse.m2e.maven.runtime_3.8.604.20221130-2149/jars/maven-shared-utils-3.3.4.jar
2023-02-07 12:23:13,123 [Worker-49: Launching ProjectApp] INFO  o.eclipse.m2e.core.internal.Bundles - 	Entry: /home/ravi/Programs/sts-4.17.1.RELEASE/plugins/org.eclipse.m2e.maven.runtime_3.8.604.20221130-2149/jars/okhttp-3.14.1.jar
2023-02-07 12:23:13,123 [Worker-49: Launching ProjectApp] INFO  o.eclipse.m2e.core.internal.Bundles - 	Entry: /home/ravi/Programs/sts-4.17.1.RELEASE/plugins/org.eclipse.m2e.maven.runtime_3.8.604.20221130-2149/jars/okio-1.17.3.jar
2023-02-07 12:23:13,123 [Worker-49: Launching ProjectApp] INFO  o.eclipse.m2e.core.internal.Bundles - 	Entry: /home/ravi/Programs/sts-4.17.1.RELEASE/plugins/org.eclipse.m2e.maven.runtime_3.8.604.20221130-2149/jars/org.eclipse.sisu.inject-0.3.5.jar
2023-02-07 12:23:13,123 [Worker-49: Launching ProjectApp] INFO  o.eclipse.m2e.core.internal.Bundles - 	Entry: /home/ravi/Programs/sts-4.17.1.RELEASE/plugins/org.eclipse.m2e.maven.runtime_3.8.604.20221130-2149/jars/org.eclipse.sisu.plexus-0.3.5.jar
2023-02-07 12:23:13,123 [Worker-49: Launching ProjectApp] INFO  o.eclipse.m2e.core.internal.Bundles - 	Entry: /home/ravi/Programs/sts-4.17.1.RELEASE/plugins/org.eclipse.m2e.maven.runtime_3.8.604.20221130-2149/jars/plexus-build-api-0.0.7.jar
2023-02-07 12:23:13,123 [Worker-49: Launching ProjectApp] INFO  o.eclipse.m2e.core.internal.Bundles - 	Entry: /home/ravi/Programs/sts-4.17.1.RELEASE/plugins/org.eclipse.m2e.maven.runtime_3.8.604.20221130-2149/jars/plexus-cipher-2.0.jar
2023-02-07 12:23:13,123 [Worker-49: Launching ProjectApp] INFO  o.eclipse.m2e.core.internal.Bundles - 	Entry: /home/ravi/Programs/sts-4.17.1.RELEASE/plugins/org.eclipse.m2e.maven.runtime_3.8.604.20221130-2149/jars/plexus-classworlds-2.6.0.jar
2023-02-07 12:23:13,123 [Worker-49: Launching ProjectApp] INFO  o.eclipse.m2e.core.internal.Bundles - 	Entry: /home/ravi/Programs/sts-4.17.1.RELEASE/plugins/org.eclipse.m2e.maven.runtime_3.8.604.20221130-2149/jars/plexus-component-annotations-2.1.0.jar
2023-02-07 12:23:13,123 [Worker-49: Launching ProjectApp] INFO  o.eclipse.m2e.core.internal.Bundles - 	Entry: /home/ravi/Programs/sts-4.17.1.RELEASE/plugins/org.eclipse.m2e.maven.runtime_3.8.604.20221130-2149/jars/plexus-interpolation-1.26.jar
2023-02-07 12:23:13,123 [Worker-49: Launching ProjectApp] INFO  o.eclipse.m2e.core.internal.Bundles - 	Entry: /home/ravi/Programs/sts-4.17.1.RELEASE/plugins/org.eclipse.m2e.maven.runtime_3.8.604.20221130-2149/jars/plexus-sec-dispatcher-2.0.jar
2023-02-07 12:23:13,123 [Worker-49: Launching ProjectApp] INFO  o.eclipse.m2e.core.internal.Bundles - 	Entry: /home/ravi/Programs/sts-4.17.1.RELEASE/plugins/org.eclipse.m2e.maven.runtime_3.8.604.20221130-2149/jars/plexus-utils-3.3.1.jar
2023-02-07 12:23:13,123 [Worker-49: Launching ProjectApp] INFO  o.eclipse.m2e.core.internal.Bundles - 	Entry: /home/ravi/Programs/sts-4.17.1.RELEASE/plugins/org.eclipse.m2e.maven.runtime_3.8.604.20221130-2149/jars/wagon-file-3.5.1.jar
2023-02-07 12:23:13,123 [Worker-49: Launching ProjectApp] INFO  o.eclipse.m2e.core.internal.Bundles - 	Entry: /home/ravi/Programs/sts-4.17.1.RELEASE/plugins/org.eclipse.m2e.maven.runtime_3.8.604.20221130-2149/jars/wagon-provider-api-3.5.1.jar
2023-02-07 12:23:13,124 [Worker-49: Launching ProjectApp] INFO  o.eclipse.m2e.core.internal.Bundles - getClasspathEntries(Bundle=com.google.guava_30.1.0.v20221112-0806 [22])
2023-02-07 12:23:13,125 [Worker-49: Launching ProjectApp] INFO  o.eclipse.m2e.core.internal.Bundles - 	Entry: /home/ravi/Programs/sts-4.17.1.RELEASE/plugins/com.google.guava_30.1.0.v20221112-0806.jar
2023-02-07 12:23:13,125 [Worker-49: Launching ProjectApp] INFO  o.eclipse.m2e.core.internal.Bundles - getClasspathEntries(Bundle=slf4j.api_1.7.36 [577])
2023-02-07 12:23:13,125 [Worker-49: Launching ProjectApp] INFO  o.eclipse.m2e.core.internal.Bundles - 	Entry: /home/ravi/Programs/sts-4.17.1.RELEASE/plugins/slf4j.api_1.7.36.jar
2023-02-07 12:23:13,125 [Worker-49: Launching ProjectApp] INFO  o.eclipse.m2e.core.internal.Bundles - getClasspathEntries(Bundle=javax.inject_1.0.0.v20220405-0441 [49])
2023-02-07 12:23:13,125 [Worker-49: Launching ProjectApp] INFO  o.eclipse.m2e.core.internal.Bundles - 	Entry: /home/ravi/Programs/sts-4.17.1.RELEASE/plugins/javax.inject_1.0.0.v20220405-0441.jar
2023-02-07 12:23:13,125 [Worker-49: Launching ProjectApp] INFO  o.eclipse.m2e.core.internal.Bundles - getClasspathEntries(Bundle=javax.annotation_1.3.5.v20221112-0806 [47])
2023-02-07 12:23:13,126 [Worker-49: Launching ProjectApp] INFO  o.eclipse.m2e.core.internal.Bundles - 	Entry: /home/ravi/Programs/sts-4.17.1.RELEASE/plugins/javax.annotation_1.3.5.v20221112-0806.jar
2023-02-07 12:23:13,127 [Worker-49: Launching ProjectApp] INFO  o.e.m.i.launch.MavenLaunchDelegate - Run build in "/home/ravi/Spring Boot Workspace/toDoApp2/ProjectApp":
2023-02-07 12:23:13,127 [Worker-49: Launching ProjectApp] INFO  o.e.m.i.launch.MavenLaunchDelegate -  mvn  -B -Dstyle.color=always package
2023-02-07 13:14:03,804 [main] INFO  o.e.m2e.actions.ExecutePomAction - Using existing launch configuration
2023-02-07 13:14:03,869 [Worker-74: Launching ProjectApp] INFO  o.e.m.i.launch.MavenLaunchDelegate - Run build in "/home/ravi/Spring Boot Workspace/toDoApp2/ProjectApp":
2023-02-07 13:14:03,869 [Worker-74: Launching ProjectApp] INFO  o.e.m.i.launch.MavenLaunchDelegate -  mvn  -B -Dstyle.color=always package
2023-02-07 14:38:23,651 [Worker-99: Launching ProjectApp] INFO  o.e.m.i.launch.MavenLaunchDelegate - Run build in "/home/ravi/Spring Boot Workspace/toDoApp2/ProjectApp":
2023-02-07 14:38:23,652 [Worker-99: Launching ProjectApp] INFO  o.e.m.i.launch.MavenLaunchDelegate -  mvn  -B -Dstyle.color=always package
2023-02-07 16:17:09,543 [Worker-127: Updating Maven Project] INFO  o.e.m.c.i.p.ProjectConfigurationManager - Update started
2023-02-07 16:17:09,628 [Worker-127: Updating Maven Project] INFO  o.e.m.c.i.l.LifecycleMappingFactory - Using org.eclipse.m2e.jdt.JarLifecycleMapping lifecycle mapping for MavenProject: com.todoApp:toDoApp2:0.0.1-SNAPSHOT @ /home/ravi/Spring Boot Workspace/toDoApp2/ProjectApp/pom.xml.
2023-02-07 16:17:09,719 [Worker-127: Updating Maven Project] INFO  o.e.m.j.i.AbstractJavaProjectConfigurator - Adding source folder /ProjectApp/src/main/java
2023-02-07 16:17:09,719 [Worker-127: Updating Maven Project] INFO  o.e.m.j.i.AbstractJavaProjectConfigurator - Adding resource folder /ProjectApp/src/main/resources
2023-02-07 16:17:09,719 [Worker-127: Updating Maven Project] INFO  o.e.m.j.i.AbstractJavaProjectConfigurator - Adding resource folder /ProjectApp/src/main/resources
2023-02-07 16:17:09,719 [Worker-127: Updating Maven Project] INFO  o.e.m.j.i.AbstractJavaProjectConfigurator - Adding source folder /ProjectApp/src/test/java
2023-02-07 16:17:09,787 [Worker-127: Updating Maven Project] INFO  o.e.m.c.i.p.ProjectConfigurationManager - Update completed for 1 poms: local refresh takes 0.00 sec, refresh facades takes 0.00 sec, update config takes 0.00 sec 
2023-02-07 16:17:15,913 [main] INFO  o.e.m2e.actions.ExecutePomAction - Using existing launch configuration
2023-02-07 16:17:16,004 [Worker-127: Launching ProjectApp] INFO  o.e.m.i.launch.MavenLaunchDelegate - Run build in "/home/ravi/Spring Boot Workspace/toDoApp2/ProjectApp":
2023-02-07 16:17:16,004 [Worker-127: Launching ProjectApp] INFO  o.e.m.i.launch.MavenLaunchDelegate -  mvn  -B -Dstyle.color=always package
